<?xml version="1.0" encoding="UTF-8"?>
<coverage generated="1708938209011" clover="3.2.0">
  <project timestamp="1708938209011" name="All files">
    <metrics statements="459" coveredstatements="205" conditionals="97" coveredconditionals="43" methods="78" coveredmethods="49" elements="634" coveredelements="297" complexity="0" loc="459" ncloc="459" packages="1" files="4" classes="4"/>
    <file name="api.ts" path="/Users/shauryamgupta/sdks/vortexjs/src/api.ts">
      <metrics statements="106" coveredstatements="92" conditionals="23" coveredconditionals="21" methods="42" coveredmethods="37"/>
      <line num="3" count="1" type="stmt"/>
      <line num="4" count="1" type="stmt"/>
      <line num="5" count="1" type="stmt"/>
      <line num="9" count="1" type="stmt"/>
      <line num="24" count="1" type="stmt"/>
      <line num="25" count="1" type="stmt"/>
      <line num="26" count="1" type="stmt"/>
      <line num="27" count="1" type="stmt"/>
      <line num="28" count="1" type="stmt"/>
      <line num="29" count="1" type="cond" truecount="1" falsecount="0"/>
      <line num="30" count="1" type="stmt"/>
      <line num="35" count="27" type="stmt"/>
      <line num="36" count="27" type="stmt"/>
      <line num="40" count="27" type="stmt"/>
      <line num="41" count="27" type="cond" truecount="1" falsecount="0"/>
      <line num="42" count="27" type="stmt"/>
      <line num="44" count="27" type="cond" truecount="1" falsecount="0"/>
      <line num="45" count="2" type="stmt"/>
      <line num="46" count="2" type="stmt"/>
      <line num="47" count="2" type="stmt"/>
      <line num="48" count="7" type="stmt"/>
      <line num="49" count="7" type="cond" truecount="2" falsecount="0"/>
      <line num="50" count="6" type="stmt"/>
      <line num="52" count="1" type="stmt"/>
      <line num="53" count="1" type="stmt"/>
      <line num="54" count="1" type="stmt"/>
      <line num="58" count="2" type="stmt"/>
      <line num="61" count="27" type="stmt"/>
      <line num="62" count="27" type="cond" truecount="1" falsecount="0"/>
      <line num="63" count="14" type="stmt"/>
      <line num="65" count="27" type="cond" truecount="1" falsecount="0"/>
      <line num="66" count="2" type="stmt"/>
      <line num="68" count="27" type="stmt"/>
      <line num="70" count="26" type="cond" truecount="1" falsecount="0"/>
      <line num="71" count="26" type="stmt"/>
      <line num="73" count="26" type="stmt"/>
      <line num="76" count="1" type="stmt"/>
      <line num="81" count="3" type="stmt"/>
      <line num="85" count="3" type="stmt"/>
      <line num="86" count="3" type="cond" truecount="1" falsecount="0"/>
      <line num="87" count="3" type="stmt"/>
      <line num="89" count="3" type="stmt"/>
      <line num="96" count="2" type="cond" truecount="1" falsecount="0"/>
      <line num="97" count="2" type="stmt"/>
      <line num="99" count="2" type="stmt"/>
      <line num="102" count="1" type="stmt"/>
      <line num="114" count="3" type="stmt"/>
      <line num="120" count="3" type="stmt"/>
      <line num="122" count="2" type="stmt"/>
      <line num="124" count="2" type="stmt"/>
      <line num="129" count="2" type="cond" truecount="1" falsecount="0"/>
      <line num="134" count="1" type="stmt"/>
      <line num="135" count="1" type="stmt"/>
      <line num="138" count="1" type="stmt"/>
      <line num="142" count="1" type="stmt"/>
      <line num="150" count="3" type="cond" truecount="3" falsecount="0"/>
      <line num="152" count="1" type="stmt"/>
      <line num="153" count="1" type="stmt"/>
      <line num="154" count="1" type="stmt"/>
      <line num="156" count="1" type="stmt"/>
      <line num="157" count="1" type="stmt"/>
      <line num="158" count="1" type="stmt"/>
      <line num="160" count="1" type="stmt"/>
      <line num="161" count="1" type="stmt"/>
      <line num="162" count="1" type="stmt"/>
      <line num="164" count="3" type="stmt"/>
      <line num="172" count="1" type="stmt"/>
      <line num="180" count="1" type="stmt"/>
      <line num="190" count="1" type="stmt"/>
      <line num="200" count="1" type="stmt"/>
      <line num="210" count="1" type="stmt"/>
      <line num="219" count="1" type="stmt"/>
      <line num="228" count="1" type="stmt"/>
      <line num="237" count="1" type="stmt"/>
      <line num="246" count="1" type="stmt"/>
      <line num="255" count="1" type="stmt"/>
      <line num="264" count="1" type="stmt"/>
      <line num="272" count="1" type="stmt"/>
      <line num="280" count="1" type="stmt"/>
      <line num="288" count="1" type="stmt"/>
      <line num="296" count="1" type="stmt"/>
      <line num="304" count="1" type="stmt"/>
      <line num="312" count="1" type="stmt"/>
      <line num="320" count="1" type="stmt"/>
      <line num="328" count="2" type="stmt"/>
      <line num="337" count="1" type="stmt"/>
      <line num="346" count="1" type="stmt"/>
      <line num="356" count="1" type="stmt"/>
      <line num="357" count="1" type="stmt"/>
      <line num="370" count="1" type="stmt"/>
      <line num="371" count="1" type="stmt"/>
      <line num="375" count="0" type="stmt"/>
      <line num="376" count="0" type="stmt"/>
      <line num="377" count="0" type="stmt"/>
      <line num="382" count="0" type="stmt"/>
      <line num="383" count="0" type="stmt"/>
      <line num="384" count="0" type="stmt"/>
      <line num="385" count="0" type="stmt"/>
      <line num="386" count="0" type="stmt"/>
      <line num="387" count="0" type="stmt"/>
      <line num="391" count="0" type="stmt"/>
      <line num="394" count="0" type="stmt"/>
      <line num="397" count="0" type="stmt"/>
      <line num="401" count="0" type="stmt"/>
      <line num="403" count="0" type="stmt"/>
      <line num="410" count="23" type="stmt"/>
    </file>
    <file name="api_feed.ts" path="/Users/shauryamgupta/sdks/vortexjs/src/api_feed.ts">
      <metrics statements="242" coveredstatements="2" conditionals="52" coveredconditionals="0" methods="23" coveredmethods="0"/>
      <line num="2" count="1" type="stmt"/>
      <line num="3" count="1" type="stmt"/>
      <line num="14" count="0" type="stmt"/>
      <line num="15" count="0" type="stmt"/>
      <line num="16" count="0" type="stmt"/>
      <line num="17" count="0" type="stmt"/>
      <line num="18" count="0" type="stmt"/>
      <line num="19" count="0" type="stmt"/>
      <line num="20" count="0" type="stmt"/>
      <line num="21" count="0" type="stmt"/>
      <line num="32" count="0" type="stmt"/>
      <line num="36" count="0" type="cond" truecount="0" falsecount="4"/>
      <line num="38" count="0" type="stmt"/>
      <line num="39" count="0" type="stmt"/>
      <line num="40" count="0" type="stmt"/>
      <line num="41" count="0" type="stmt"/>
      <line num="42" count="0" type="stmt"/>
      <line num="43" count="0" type="stmt"/>
      <line num="46" count="0" type="stmt"/>
      <line num="47" count="0" type="stmt"/>
      <line num="50" count="0" type="cond" truecount="0" falsecount="3"/>
      <line num="53" count="0" type="stmt"/>
      <line num="54" count="0" type="stmt"/>
      <line num="55" count="0" type="cond" truecount="0" falsecount="1"/>
      <line num="58" count="0" type="stmt"/>
      <line num="59" count="0" type="cond" truecount="0" falsecount="2"/>
      <line num="60" count="0" type="stmt"/>
      <line num="61" count="0" type="cond" truecount="0" falsecount="1"/>
      <line num="62" count="0" type="stmt"/>
      <line num="63" count="0" type="cond" truecount="0" falsecount="1"/>
      <line num="66" count="0" type="stmt"/>
      <line num="72" count="0" type="cond" truecount="0" falsecount="1"/>
      <line num="73" count="0" type="stmt"/>
      <line num="77" count="0" type="cond" truecount="0" falsecount="1"/>
      <line num="78" count="0" type="stmt"/>
      <line num="79" count="0" type="cond" truecount="0" falsecount="2"/>
      <line num="84" count="0" type="cond" truecount="0" falsecount="4"/>
      <line num="85" count="0" type="stmt"/>
      <line num="87" count="0" type="stmt"/>
      <line num="91" count="0" type="cond" truecount="0" falsecount="4"/>
      <line num="92" count="0" type="stmt"/>
      <line num="93" count="0" type="stmt"/>
      <line num="98" count="0" type="stmt"/>
      <line num="99" count="0" type="cond" truecount="0" falsecount="1"/>
      <line num="100" count="0" type="stmt"/>
      <line num="101" count="0" type="stmt"/>
      <line num="105" count="0" type="stmt"/>
      <line num="106" count="0" type="cond" truecount="0" falsecount="3"/>
      <line num="107" count="0" type="cond" truecount="0" falsecount="1"/>
      <line num="108" count="0" type="stmt"/>
      <line num="112" count="0" type="cond" truecount="0" falsecount="3"/>
      <line num="114" count="0" type="stmt"/>
      <line num="115" count="0" type="cond" truecount="0" falsecount="1"/>
      <line num="116" count="0" type="stmt"/>
      <line num="118" count="0" type="stmt"/>
      <line num="120" count="0" type="stmt"/>
      <line num="121" count="0" type="stmt"/>
      <line num="125" count="0" type="cond" truecount="0" falsecount="1"/>
      <line num="126" count="0" type="stmt"/>
      <line num="127" count="0" type="stmt"/>
      <line num="128" count="0" type="stmt"/>
      <line num="129" count="0" type="stmt"/>
      <line num="132" count="0" type="stmt"/>
      <line num="134" count="0" type="stmt"/>
      <line num="136" count="0" type="stmt"/>
      <line num="137" count="0" type="stmt"/>
      <line num="138" count="0" type="stmt"/>
      <line num="143" count="0" type="stmt"/>
      <line num="144" count="0" type="stmt"/>
      <line num="145" count="0" type="stmt"/>
      <line num="146" count="0" type="stmt"/>
      <line num="147" count="0" type="cond" truecount="0" falsecount="2"/>
      <line num="148" count="0" type="stmt"/>
      <line num="149" count="0" type="stmt"/>
      <line num="150" count="0" type="cond" truecount="0" falsecount="2"/>
      <line num="151" count="0" type="stmt"/>
      <line num="152" count="0" type="stmt"/>
      <line num="153" count="0" type="cond" truecount="0" falsecount="1"/>
      <line num="154" count="0" type="stmt"/>
      <line num="155" count="0" type="stmt"/>
      <line num="159" count="0" type="stmt"/>
      <line num="163" count="0" type="stmt"/>
      <line num="164" count="0" type="stmt"/>
      <line num="165" count="0" type="stmt"/>
      <line num="166" count="0" type="stmt"/>
      <line num="167" count="0" type="stmt"/>
      <line num="169" count="0" type="stmt"/>
      <line num="170" count="0" type="stmt"/>
      <line num="172" count="0" type="stmt"/>
      <line num="174" count="0" type="stmt"/>
      <line num="177" count="0" type="stmt"/>
      <line num="181" count="0" type="stmt"/>
      <line num="182" count="0" type="stmt"/>
      <line num="183" count="0" type="stmt"/>
      <line num="184" count="0" type="cond" truecount="0" falsecount="2"/>
      <line num="186" count="0" type="stmt"/>
      <line num="187" count="0" type="cond" truecount="0" falsecount="2"/>
      <line num="189" count="0" type="stmt"/>
      <line num="190" count="0" type="cond" truecount="0" falsecount="2"/>
      <line num="192" count="0" type="stmt"/>
      <line num="193" count="0" type="stmt"/>
      <line num="194" count="0" type="stmt"/>
      <line num="196" count="0" type="stmt"/>
      <line num="200" count="0" type="stmt"/>
      <line num="201" count="0" type="stmt"/>
      <line num="202" count="0" type="stmt"/>
      <line num="203" count="0" type="stmt"/>
      <line num="205" count="0" type="stmt"/>
      <line num="208" count="0" type="stmt"/>
      <line num="209" count="0" type="stmt"/>
      <line num="210" count="0" type="stmt"/>
      <line num="211" count="0" type="stmt"/>
      <line num="212" count="0" type="stmt"/>
      <line num="213" count="0" type="stmt"/>
      <line num="214" count="0" type="stmt"/>
      <line num="215" count="0" type="stmt"/>
      <line num="216" count="0" type="stmt"/>
      <line num="220" count="0" type="stmt"/>
      <line num="221" count="0" type="stmt"/>
      <line num="222" count="0" type="stmt"/>
      <line num="223" count="0" type="stmt"/>
      <line num="224" count="0" type="stmt"/>
      <line num="225" count="0" type="stmt"/>
      <line num="226" count="0" type="stmt"/>
      <line num="227" count="0" type="stmt"/>
      <line num="228" count="0" type="stmt"/>
      <line num="229" count="0" type="stmt"/>
      <line num="230" count="0" type="stmt"/>
      <line num="231" count="0" type="stmt"/>
      <line num="232" count="0" type="stmt"/>
      <line num="233" count="0" type="stmt"/>
      <line num="234" count="0" type="stmt"/>
      <line num="235" count="0" type="stmt"/>
      <line num="236" count="0" type="stmt"/>
      <line num="237" count="0" type="stmt"/>
      <line num="238" count="0" type="stmt"/>
      <line num="239" count="0" type="stmt"/>
      <line num="240" count="0" type="stmt"/>
      <line num="241" count="0" type="stmt"/>
      <line num="245" count="0" type="stmt"/>
      <line num="246" count="0" type="stmt"/>
      <line num="247" count="0" type="stmt"/>
      <line num="248" count="0" type="stmt"/>
      <line num="249" count="0" type="stmt"/>
      <line num="250" count="0" type="stmt"/>
      <line num="251" count="0" type="stmt"/>
      <line num="252" count="0" type="stmt"/>
      <line num="253" count="0" type="stmt"/>
      <line num="254" count="0" type="stmt"/>
      <line num="255" count="0" type="stmt"/>
      <line num="256" count="0" type="stmt"/>
      <line num="257" count="0" type="stmt"/>
      <line num="258" count="0" type="stmt"/>
      <line num="259" count="0" type="stmt"/>
      <line num="260" count="0" type="stmt"/>
      <line num="261" count="0" type="stmt"/>
      <line num="262" count="0" type="stmt"/>
      <line num="263" count="0" type="stmt"/>
      <line num="264" count="0" type="stmt"/>
      <line num="265" count="0" type="stmt"/>
      <line num="266" count="0" type="stmt"/>
      <line num="267" count="0" type="stmt"/>
      <line num="268" count="0" type="stmt"/>
      <line num="269" count="0" type="stmt"/>
      <line num="270" count="0" type="stmt"/>
      <line num="271" count="0" type="stmt"/>
      <line num="272" count="0" type="stmt"/>
      <line num="273" count="0" type="stmt"/>
      <line num="274" count="0" type="stmt"/>
      <line num="275" count="0" type="stmt"/>
      <line num="276" count="0" type="stmt"/>
      <line num="277" count="0" type="stmt"/>
      <line num="278" count="0" type="stmt"/>
      <line num="311" count="0" type="stmt"/>
      <line num="312" count="0" type="stmt"/>
      <line num="313" count="0" type="stmt"/>
      <line num="314" count="0" type="stmt"/>
      <line num="315" count="0" type="stmt"/>
      <line num="316" count="0" type="stmt"/>
      <line num="318" count="0" type="stmt"/>
      <line num="319" count="0" type="stmt"/>
      <line num="320" count="0" type="stmt"/>
      <line num="321" count="0" type="stmt"/>
      <line num="322" count="0" type="stmt"/>
      <line num="323" count="0" type="stmt"/>
      <line num="325" count="0" type="stmt"/>
      <line num="326" count="0" type="stmt"/>
      <line num="327" count="0" type="stmt"/>
      <line num="328" count="0" type="stmt"/>
      <line num="329" count="0" type="stmt"/>
      <line num="330" count="0" type="stmt"/>
      <line num="332" count="0" type="stmt"/>
      <line num="333" count="0" type="stmt"/>
      <line num="334" count="0" type="stmt"/>
      <line num="335" count="0" type="stmt"/>
      <line num="336" count="0" type="stmt"/>
      <line num="337" count="0" type="stmt"/>
      <line num="339" count="0" type="stmt"/>
      <line num="340" count="0" type="stmt"/>
      <line num="341" count="0" type="stmt"/>
      <line num="342" count="0" type="stmt"/>
      <line num="343" count="0" type="stmt"/>
      <line num="344" count="0" type="stmt"/>
      <line num="346" count="0" type="stmt"/>
      <line num="347" count="0" type="stmt"/>
      <line num="348" count="0" type="stmt"/>
      <line num="349" count="0" type="stmt"/>
      <line num="350" count="0" type="stmt"/>
      <line num="351" count="0" type="stmt"/>
      <line num="353" count="0" type="stmt"/>
      <line num="354" count="0" type="stmt"/>
      <line num="355" count="0" type="stmt"/>
      <line num="356" count="0" type="stmt"/>
      <line num="357" count="0" type="stmt"/>
      <line num="358" count="0" type="stmt"/>
      <line num="360" count="0" type="stmt"/>
      <line num="361" count="0" type="stmt"/>
      <line num="362" count="0" type="stmt"/>
      <line num="363" count="0" type="stmt"/>
      <line num="364" count="0" type="stmt"/>
      <line num="365" count="0" type="stmt"/>
      <line num="367" count="0" type="stmt"/>
      <line num="368" count="0" type="stmt"/>
      <line num="369" count="0" type="stmt"/>
      <line num="370" count="0" type="stmt"/>
      <line num="371" count="0" type="stmt"/>
      <line num="372" count="0" type="stmt"/>
      <line num="374" count="0" type="stmt"/>
      <line num="375" count="0" type="stmt"/>
      <line num="376" count="0" type="stmt"/>
      <line num="377" count="0" type="stmt"/>
      <line num="378" count="0" type="stmt"/>
      <line num="379" count="0" type="stmt"/>
      <line num="381" count="0" type="stmt"/>
      <line num="382" count="0" type="stmt"/>
      <line num="383" count="0" type="stmt"/>
      <line num="385" count="0" type="stmt"/>
      <line num="389" count="0" type="stmt"/>
      <line num="390" count="0" type="stmt"/>
      <line num="392" count="0" type="cond" truecount="0" falsecount="2"/>
      <line num="393" count="0" type="stmt"/>
      <line num="396" count="0" type="stmt"/>
    </file>
    <file name="index.ts" path="/Users/shauryamgupta/sdks/vortexjs/src/index.ts">
      <metrics statements="6" coveredstatements="6" conditionals="0" coveredconditionals="0" methods="2" coveredmethods="1"/>
      <line num="1" count="1" type="stmt"/>
      <line num="2" count="1" type="stmt"/>
      <line num="3" count="1" type="stmt"/>
      <line num="5" count="1" type="stmt"/>
      <line num="6" count="2" type="stmt"/>
      <line num="7" count="1" type="stmt"/>
    </file>
    <file name="types.ts" path="/Users/shauryamgupta/sdks/vortexjs/src/types.ts">
      <metrics statements="105" coveredstatements="105" conditionals="22" coveredconditionals="22" methods="11" coveredmethods="11"/>
      <line num="83" count="1" type="cond" truecount="2" falsecount="0"/>
      <line num="84" count="1" type="stmt"/>
      <line num="85" count="1" type="stmt"/>
      <line num="86" count="1" type="stmt"/>
      <line num="87" count="1" type="stmt"/>
      <line num="88" count="1" type="stmt"/>
      <line num="89" count="1" type="stmt"/>
      <line num="90" count="1" type="stmt"/>
      <line num="91" count="1" type="stmt"/>
      <line num="92" count="1" type="stmt"/>
      <line num="93" count="1" type="stmt"/>
      <line num="94" count="1" type="stmt"/>
      <line num="95" count="1" type="stmt"/>
      <line num="96" count="1" type="stmt"/>
      <line num="97" count="1" type="stmt"/>
      <line num="98" count="1" type="stmt"/>
      <line num="101" count="1" type="cond" truecount="2" falsecount="0"/>
      <line num="102" count="1" type="stmt"/>
      <line num="103" count="1" type="stmt"/>
      <line num="104" count="1" type="stmt"/>
      <line num="105" count="1" type="stmt"/>
      <line num="106" count="1" type="stmt"/>
      <line num="108" count="1" type="cond" truecount="2" falsecount="0"/>
      <line num="109" count="1" type="stmt"/>
      <line num="110" count="1" type="stmt"/>
      <line num="359" count="1" type="cond" truecount="2" falsecount="0"/>
      <line num="360" count="1" type="stmt"/>
      <line num="361" count="1" type="stmt"/>
      <line num="362" count="1" type="stmt"/>
      <line num="363" count="1" type="stmt"/>
      <line num="364" count="1" type="stmt"/>
      <line num="365" count="1" type="stmt"/>
      <line num="366" count="1" type="stmt"/>
      <line num="367" count="1" type="stmt"/>
      <line num="368" count="1" type="stmt"/>
      <line num="369" count="1" type="stmt"/>
      <line num="370" count="1" type="stmt"/>
      <line num="371" count="1" type="stmt"/>
      <line num="372" count="1" type="stmt"/>
      <line num="373" count="1" type="stmt"/>
      <line num="374" count="1" type="stmt"/>
      <line num="375" count="1" type="stmt"/>
      <line num="377" count="1" type="cond" truecount="2" falsecount="0"/>
      <line num="378" count="1" type="stmt"/>
      <line num="379" count="1" type="stmt"/>
      <line num="380" count="1" type="stmt"/>
      <line num="382" count="1" type="cond" truecount="2" falsecount="0"/>
      <line num="383" count="1" type="stmt"/>
      <line num="384" count="1" type="stmt"/>
      <line num="385" count="1" type="stmt"/>
      <line num="386" count="1" type="stmt"/>
      <line num="389" count="1" type="cond" truecount="2" falsecount="0"/>
      <line num="390" count="1" type="stmt"/>
      <line num="391" count="1" type="stmt"/>
      <line num="394" count="1" type="cond" truecount="2" falsecount="0"/>
      <line num="395" count="1" type="stmt"/>
      <line num="396" count="1" type="stmt"/>
      <line num="397" count="1" type="stmt"/>
      <line num="400" count="1" type="cond" truecount="2" falsecount="0"/>
      <line num="401" count="1" type="stmt"/>
      <line num="402" count="1" type="stmt"/>
      <line num="403" count="1" type="stmt"/>
      <line num="404" count="1" type="stmt"/>
      <line num="407" count="1" type="cond" truecount="2" falsecount="0"/>
      <line num="408" count="1" type="stmt"/>
      <line num="409" count="1" type="stmt"/>
      <line num="410" count="1" type="stmt"/>
      <line num="413" count="1" type="cond" truecount="2" falsecount="0"/>
      <line num="414" count="1" type="stmt"/>
      <line num="415" count="1" type="stmt"/>
      <line num="761" count="1" type="stmt"/>
      <line num="762" count="1" type="stmt"/>
      <line num="763" count="1" type="stmt"/>
      <line num="764" count="1" type="stmt"/>
      <line num="765" count="1" type="stmt"/>
      <line num="766" count="1" type="stmt"/>
      <line num="767" count="1" type="stmt"/>
      <line num="768" count="1" type="stmt"/>
      <line num="769" count="1" type="stmt"/>
      <line num="770" count="1" type="stmt"/>
      <line num="771" count="1" type="stmt"/>
      <line num="772" count="1" type="stmt"/>
      <line num="773" count="1" type="stmt"/>
      <line num="774" count="1" type="stmt"/>
      <line num="775" count="1" type="stmt"/>
      <line num="776" count="1" type="stmt"/>
      <line num="777" count="1" type="stmt"/>
      <line num="778" count="1" type="stmt"/>
      <line num="779" count="1" type="stmt"/>
      <line num="780" count="1" type="stmt"/>
      <line num="781" count="1" type="stmt"/>
      <line num="782" count="1" type="stmt"/>
      <line num="783" count="1" type="stmt"/>
      <line num="784" count="1" type="stmt"/>
      <line num="785" count="1" type="stmt"/>
      <line num="786" count="1" type="stmt"/>
      <line num="787" count="1" type="stmt"/>
      <line num="788" count="1" type="stmt"/>
      <line num="789" count="1" type="stmt"/>
      <line num="790" count="1" type="stmt"/>
      <line num="791" count="1" type="stmt"/>
      <line num="792" count="1" type="stmt"/>
      <line num="793" count="1" type="stmt"/>
      <line num="794" count="1" type="stmt"/>
      <line num="795" count="1" type="stmt"/>
    </file>
  </project>
</coverage>
