{"/Users/shauryamgupta/sdks/vortexjs/src/api.ts": {"path":"/Users/shauryamgupta/sdks/vortexjs/src/api.ts","statementMap":{"0":{"start":{"line":3,"column":0},"end":{"line":3,"column":38}},"1":{"start":{"line":4,"column":0},"end":{"line":4,"column":37}},"2":{"start":{"line":5,"column":0},"end":{"line":5,"column":38}},"3":{"start":{"line":24,"column":8},"end":{"line":24,"column":31}},"4":{"start":{"line":25,"column":8},"end":{"line":25,"column":45}},"5":{"start":{"line":26,"column":8},"end":{"line":26,"column":33}},"6":{"start":{"line":27,"column":8},"end":{"line":27,"column":33}},"7":{"start":{"line":28,"column":8},"end":{"line":28,"column":45}},"8":{"start":{"line":29,"column":8},"end":{"line":31,"column":null}},"9":{"start":{"line":30,"column":12},"end":{"line":30,"column":47}},"10":{"start":{"line":35,"column":37},"end":{"line":35,"column":66}},"11":{"start":{"line":36,"column":32},"end":{"line":39,"column":10}},"12":{"start":{"line":40,"column":28},"end":{"line":40,"column":52}},"13":{"start":{"line":41,"column":8},"end":{"line":43,"column":null}},"14":{"start":{"line":42,"column":12},"end":{"line":42,"column":160}},"15":{"start":{"line":44,"column":8},"end":{"line":59,"column":null}},"16":{"start":{"line":45,"column":26},"end":{"line":45,"column":47}},"17":{"start":{"line":46,"column":23},"end":{"line":46,"column":72}},"18":{"start":{"line":47,"column":12},"end":{"line":57,"column":null}},"19":{"start":{"line":47,"column":25},"end":{"line":47,"column":26}},"20":{"start":{"line":48,"column":28},"end":{"line":48,"column":35}},"21":{"start":{"line":49,"column":16},"end":{"line":56,"column":null}},"22":{"start":{"line":50,"column":20},"end":{"line":50,"column":53}},"23":{"start":{"line":52,"column":20},"end":{"line":55,"column":null}},"24":{"start":{"line":52,"column":33},"end":{"line":52,"column":34}},"25":{"start":{"line":53,"column":41},"end":{"line":53,"column":65}},"26":{"start":{"line":54,"column":24},"end":{"line":54,"column":null}},"27":{"start":{"line":58,"column":12},"end":{"line":58,"column":null}},"28":{"start":{"line":61,"column":26},"end":{"line":61,"column":50}},"29":{"start":{"line":62,"column":8},"end":{"line":64,"column":null}},"30":{"start":{"line":63,"column":12},"end":{"line":63,"column":null}},"31":{"start":{"line":65,"column":8},"end":{"line":67,"column":null}},"32":{"start":{"line":66,"column":12},"end":{"line":66,"column":null}},"33":{"start":{"line":68,"column":8},"end":{"line":77,"column":15}},"34":{"start":{"line":70,"column":16},"end":{"line":72,"column":null}},"35":{"start":{"line":71,"column":20},"end":{"line":71,"column":105}},"36":{"start":{"line":73,"column":16},"end":{"line":73,"column":37}},"37":{"start":{"line":76,"column":16},"end":{"line":76,"column":28}},"38":{"start":{"line":81,"column":32},"end":{"line":84,"column":10}},"39":{"start":{"line":85,"column":28},"end":{"line":85,"column":52}},"40":{"start":{"line":86,"column":8},"end":{"line":88,"column":null}},"41":{"start":{"line":87,"column":12},"end":{"line":87,"column":160}},"42":{"start":{"line":89,"column":8},"end":{"line":103,"column":15}},"43":{"start":{"line":96,"column":12},"end":{"line":98,"column":null}},"44":{"start":{"line":97,"column":16},"end":{"line":97,"column":101}},"45":{"start":{"line":99,"column":12},"end":{"line":99,"column":33}},"46":{"start":{"line":102,"column":16},"end":{"line":102,"column":28}},"47":{"start":{"line":114,"column":33},"end":{"line":114,"column":46}},"48":{"start":{"line":115,"column":29},"end":{"line":120,"column":10}},"49":{"start":{"line":121,"column":8},"end":{"line":126,"column":15}},"50":{"start":{"line":123,"column":16},"end":{"line":123,"column":null}},"51":{"start":{"line":125,"column":16},"end":{"line":125,"column":27}},"52":{"start":{"line":130,"column":8},"end":{"line":137,"column":null}},"53":{"start":{"line":135,"column":12},"end":{"line":135,"column":69}},"54":{"start":{"line":136,"column":12},"end":{"line":136,"column":24}},"55":{"start":{"line":139,"column":8},"end":{"line":139,"column":21}},"56":{"start":{"line":143,"column":8},"end":{"line":143,"column":null}},"57":{"start":{"line":151,"column":8},"end":{"line":164,"column":null}},"58":{"start":{"line":153,"column":16},"end":{"line":153,"column":42}},"59":{"start":{"line":154,"column":16},"end":{"line":154,"column":39}},"60":{"start":{"line":155,"column":16},"end":{"line":155,"column":22}},"61":{"start":{"line":157,"column":16},"end":{"line":157,"column":39}},"62":{"start":{"line":158,"column":16},"end":{"line":158,"column":42}},"63":{"start":{"line":159,"column":16},"end":{"line":159,"column":22}},"64":{"start":{"line":161,"column":16},"end":{"line":161,"column":42}},"65":{"start":{"line":162,"column":16},"end":{"line":162,"column":38}},"66":{"start":{"line":163,"column":16},"end":{"line":163,"column":22}},"67":{"start":{"line":165,"column":8},"end":{"line":165,"column":130}},"68":{"start":{"line":173,"column":8},"end":{"line":173,"column":142}},"69":{"start":{"line":181,"column":8},"end":{"line":181,"column":126}},"70":{"start":{"line":191,"column":8},"end":{"line":191,"column":140}},"71":{"start":{"line":201,"column":8},"end":{"line":201,"column":155}},"72":{"start":{"line":211,"column":8},"end":{"line":211,"column":155}},"73":{"start":{"line":220,"column":8},"end":{"line":220,"column":167}},"74":{"start":{"line":229,"column":8},"end":{"line":229,"column":167}},"75":{"start":{"line":238,"column":8},"end":{"line":238,"column":140}},"76":{"start":{"line":247,"column":8},"end":{"line":247,"column":167}},"77":{"start":{"line":256,"column":8},"end":{"line":256,"column":155}},"78":{"start":{"line":265,"column":8},"end":{"line":265,"column":155}},"79":{"start":{"line":273,"column":8},"end":{"line":273,"column":98}},"80":{"start":{"line":281,"column":8},"end":{"line":281,"column":104}},"81":{"start":{"line":289,"column":8},"end":{"line":289,"column":128}},"82":{"start":{"line":297,"column":8},"end":{"line":297,"column":97}},"83":{"start":{"line":305,"column":8},"end":{"line":305,"column":125}},"84":{"start":{"line":313,"column":8},"end":{"line":313,"column":96}},"85":{"start":{"line":321,"column":8},"end":{"line":321,"column":106}},"86":{"start":{"line":329,"column":8},"end":{"line":329,"column":90}},"87":{"start":{"line":338,"column":8},"end":{"line":338,"column":112}},"88":{"start":{"line":347,"column":8},"end":{"line":347,"column":114}},"89":{"start":{"line":357,"column":23},"end":{"line":357,"column":57}},"90":{"start":{"line":358,"column":8},"end":{"line":358,"column":105}},"91":{"start":{"line":371,"column":23},"end":{"line":371,"column":172}},"92":{"start":{"line":372,"column":8},"end":{"line":372,"column":111}},"93":{"start":{"line":376,"column":25},"end":{"line":376,"column":44}},"94":{"start":{"line":377,"column":29},"end":{"line":377,"column":58}},"95":{"start":{"line":378,"column":24},"end":{"line":381,"column":10}},"96":{"start":{"line":383,"column":8},"end":{"line":405,"column":null}},"97":{"start":{"line":384,"column":29},"end":{"line":384,"column":83}},"98":{"start":{"line":385,"column":36},"end":{"line":385,"column":49}},"99":{"start":{"line":386,"column":54},"end":{"line":386,"column":56}},"100":{"start":{"line":387,"column":12},"end":{"line":400,"column":15}},"101":{"start":{"line":388,"column":16},"end":{"line":399,"column":23}},"102":{"start":{"line":392,"column":24},"end":{"line":392,"column":42}},"103":{"start":{"line":395,"column":24},"end":{"line":395,"column":38}},"104":{"start":{"line":398,"column":24},"end":{"line":398,"column":34}},"105":{"start":{"line":402,"column":12},"end":{"line":402,"column":27}},"106":{"start":{"line":404,"column":12},"end":{"line":404,"column":41}},"107":{"start":{"line":9,"column":0},"end":{"line":9,"column":13}},"108":{"start":{"line":411,"column":4},"end":{"line":411,"column":80}},"109":{"start":{"line":411,"column":41},"end":{"line":411,"column":65}}},"fnMap":{"0":{"name":"(anonymous_14)","decl":{"start":{"line":23,"column":4},"end":{"line":23,"column":16}},"loc":{"start":{"line":23,"column":148},"end":{"line":32,"column":5}}},"1":{"name":"(anonymous_15)","decl":{"start":{"line":34,"column":18},"end":{"line":34,"column":35}},"loc":{"start":{"line":34,"column":129},"end":{"line":78,"column":null}}},"2":{"name":"(anonymous_17)","decl":{"start":{"line":69,"column":18},"end":{"line":69,"column":19}},"loc":{"start":{"line":69,"column":31},"end":{"line":74,"column":13}}},"3":{"name":"(anonymous_18)","decl":{"start":{"line":75,"column":19},"end":{"line":75,"column":20}},"loc":{"start":{"line":75,"column":29},"end":{"line":77,"column":13}}},"4":{"name":"(anonymous_19)","decl":{"start":{"line":80,"column":18},"end":{"line":80,"column":38}},"loc":{"start":{"line":80,"column":132},"end":{"line":104,"column":null}}},"5":{"name":"(anonymous_21)","decl":{"start":{"line":95,"column":16},"end":{"line":95,"column":17}},"loc":{"start":{"line":95,"column":29},"end":{"line":100,"column":9}}},"6":{"name":"(anonymous_22)","decl":{"start":{"line":101,"column":19},"end":{"line":101,"column":20}},"loc":{"start":{"line":101,"column":29},"end":{"line":103,"column":13}}},"7":{"name":"(anonymous_23)","decl":{"start":{"line":113,"column":10},"end":{"line":113,"column":15}},"loc":{"start":{"line":113,"column":67},"end":{"line":127,"column":null}}},"8":{"name":"(anonymous_25)","decl":{"start":{"line":122,"column":18},"end":{"line":122,"column":19}},"loc":{"start":{"line":122,"column":26},"end":{"line":126,"column":13}}},"9":{"name":"(anonymous_26)","decl":{"start":{"line":129,"column":12},"end":{"line":129,"column":30}},"loc":{"start":{"line":129,"column":68},"end":{"line":140,"column":5}}},"10":{"name":"(anonymous_27)","decl":{"start":{"line":142,"column":4},"end":{"line":142,"column":20}},"loc":{"start":{"line":142,"column":40},"end":{"line":144,"column":5}}},"11":{"name":"(anonymous_28)","decl":{"start":{"line":150,"column":10},"end":{"line":150,"column":21}},"loc":{"start":{"line":150,"column":58},"end":{"line":166,"column":null}}},"12":{"name":"(anonymous_30)","decl":{"start":{"line":172,"column":10},"end":{"line":172,"column":29}},"loc":{"start":{"line":172,"column":73},"end":{"line":174,"column":null}}},"13":{"name":"(anonymous_32)","decl":{"start":{"line":180,"column":10},"end":{"line":180,"column":25}},"loc":{"start":{"line":180,"column":65},"end":{"line":182,"column":null}}},"14":{"name":"(anonymous_34)","decl":{"start":{"line":190,"column":10},"end":{"line":190,"column":22}},"loc":{"start":{"line":190,"column":78},"end":{"line":192,"column":null}}},"15":{"name":"(anonymous_36)","decl":{"start":{"line":200,"column":10},"end":{"line":200,"column":30}},"loc":{"start":{"line":200,"column":101},"end":{"line":202,"column":null}}},"16":{"name":"(anonymous_38)","decl":{"start":{"line":210,"column":10},"end":{"line":210,"column":26}},"loc":{"start":{"line":210,"column":84},"end":{"line":212,"column":null}}},"17":{"name":"(anonymous_40)","decl":{"start":{"line":219,"column":10},"end":{"line":219,"column":35}},"loc":{"start":{"line":219,"column":71},"end":{"line":221,"column":null}}},"18":{"name":"(anonymous_42)","decl":{"start":{"line":228,"column":10},"end":{"line":228,"column":31}},"loc":{"start":{"line":228,"column":71},"end":{"line":230,"column":null}}},"19":{"name":"(anonymous_44)","decl":{"start":{"line":237,"column":10},"end":{"line":237,"column":22}},"loc":{"start":{"line":237,"column":39},"end":{"line":239,"column":null}}},"20":{"name":"(anonymous_46)","decl":{"start":{"line":246,"column":10},"end":{"line":246,"column":32}},"loc":{"start":{"line":246,"column":52},"end":{"line":248,"column":null}}},"21":{"name":"(anonymous_48)","decl":{"start":{"line":255,"column":10},"end":{"line":255,"column":30}},"loc":{"start":{"line":255,"column":55},"end":{"line":257,"column":null}}},"22":{"name":"(anonymous_50)","decl":{"start":{"line":264,"column":10},"end":{"line":264,"column":26}},"loc":{"start":{"line":264,"column":47},"end":{"line":266,"column":null}}},"23":{"name":"(anonymous_52)","decl":{"start":{"line":272,"column":10},"end":{"line":272,"column":16}},"loc":{"start":{"line":272,"column":16},"end":{"line":274,"column":null}}},"24":{"name":"(anonymous_54)","decl":{"start":{"line":280,"column":10},"end":{"line":280,"column":20}},"loc":{"start":{"line":280,"column":20},"end":{"line":282,"column":null}}},"25":{"name":"(anonymous_56)","decl":{"start":{"line":288,"column":10},"end":{"line":288,"column":23}},"loc":{"start":{"line":288,"column":40},"end":{"line":290,"column":null}}},"26":{"name":"(anonymous_58)","decl":{"start":{"line":296,"column":10},"end":{"line":296,"column":19}},"loc":{"start":{"line":296,"column":19},"end":{"line":298,"column":null}}},"27":{"name":"(anonymous_60)","decl":{"start":{"line":304,"column":10},"end":{"line":304,"column":26}},"loc":{"start":{"line":304,"column":68},"end":{"line":306,"column":null}}},"28":{"name":"(anonymous_62)","decl":{"start":{"line":312,"column":10},"end":{"line":312,"column":18}},"loc":{"start":{"line":312,"column":18},"end":{"line":314,"column":null}}},"29":{"name":"(anonymous_64)","decl":{"start":{"line":320,"column":10},"end":{"line":320,"column":16}},"loc":{"start":{"line":320,"column":16},"end":{"line":322,"column":null}}},"30":{"name":"(anonymous_66)","decl":{"start":{"line":328,"column":10},"end":{"line":328,"column":15}},"loc":{"start":{"line":328,"column":15},"end":{"line":330,"column":null}}},"31":{"name":"(anonymous_68)","decl":{"start":{"line":337,"column":10},"end":{"line":337,"column":26}},"loc":{"start":{"line":337,"column":64},"end":{"line":339,"column":null}}},"32":{"name":"(anonymous_70)","decl":{"start":{"line":346,"column":10},"end":{"line":346,"column":27}},"loc":{"start":{"line":346,"column":66},"end":{"line":348,"column":null}}},"33":{"name":"(anonymous_72)","decl":{"start":{"line":356,"column":10},"end":{"line":356,"column":16}},"loc":{"start":{"line":356,"column":66},"end":{"line":359,"column":null}}},"34":{"name":"(anonymous_74)","decl":{"start":{"line":370,"column":10},"end":{"line":370,"column":28}},"loc":{"start":{"line":370,"column":135},"end":{"line":373,"column":null}}},"35":{"name":"(anonymous_76)","decl":{"start":{"line":375,"column":10},"end":{"line":375,"column":25}},"loc":{"start":{"line":375,"column":25},"end":{"line":406,"column":null}}},"36":{"name":"(anonymous_78)","decl":{"start":{"line":387,"column":36},"end":{"line":387,"column":37}},"loc":{"start":{"line":387,"column":56},"end":{"line":400,"column":13}}},"37":{"name":"(anonymous_79)","decl":{"start":{"line":391,"column":32},"end":{"line":391,"column":33}},"loc":{"start":{"line":391,"column":40},"end":{"line":393,"column":21}}},"38":{"name":"(anonymous_80)","decl":{"start":{"line":394,"column":33},"end":{"line":394,"column":34}},"loc":{"start":{"line":394,"column":43},"end":{"line":396,"column":21}}},"39":{"name":"(anonymous_81)","decl":{"start":{"line":397,"column":31},"end":{"line":397,"column":34}},"loc":{"start":{"line":397,"column":36},"end":{"line":399,"column":21}}},"40":{"name":"constructUrl","decl":{"start":{"line":410,"column":9},"end":{"line":410,"column":21}},"loc":{"start":{"line":410,"column":62},"end":{"line":412,"column":1}}},"41":{"name":"(anonymous_83)","decl":{"start":{"line":411,"column":25},"end":{"line":411,"column":26}},"loc":{"start":{"line":411,"column":41},"end":{"line":411,"column":65}}}},"branchMap":{"0":{"loc":{"start":{"line":23,"column":57},"end":{"line":23,"column":115}},"type":"default-arg","locations":[{"start":{"line":23,"column":76},"end":{"line":23,"column":115}}]},"1":{"loc":{"start":{"line":23,"column":117},"end":{"line":23,"column":148}},"type":"default-arg","locations":[{"start":{"line":23,"column":143},"end":{"line":23,"column":148}}]},"2":{"loc":{"start":{"line":29,"column":8},"end":{"line":31,"column":null}},"type":"if","locations":[{"start":{"line":29,"column":8},"end":{"line":31,"column":null}}]},"3":{"loc":{"start":{"line":34,"column":73},"end":{"line":34,"column":99}},"type":"default-arg","locations":[{"start":{"line":34,"column":95},"end":{"line":34,"column":99}}]},"4":{"loc":{"start":{"line":34,"column":101},"end":{"line":34,"column":129}},"type":"default-arg","locations":[{"start":{"line":34,"column":125},"end":{"line":34,"column":129}}]},"5":{"loc":{"start":{"line":41,"column":8},"end":{"line":43,"column":null}},"type":"if","locations":[{"start":{"line":41,"column":8},"end":{"line":43,"column":null}}]},"6":{"loc":{"start":{"line":44,"column":8},"end":{"line":59,"column":null}},"type":"if","locations":[{"start":{"line":44,"column":8},"end":{"line":59,"column":null}}]},"7":{"loc":{"start":{"line":49,"column":16},"end":{"line":56,"column":null}},"type":"if","locations":[{"start":{"line":49,"column":16},"end":{"line":56,"column":null}},{"start":{"line":51,"column":23},"end":{"line":56,"column":null}}]},"8":{"loc":{"start":{"line":62,"column":8},"end":{"line":64,"column":null}},"type":"if","locations":[{"start":{"line":62,"column":8},"end":{"line":64,"column":null}}]},"9":{"loc":{"start":{"line":65,"column":8},"end":{"line":67,"column":null}},"type":"if","locations":[{"start":{"line":65,"column":8},"end":{"line":67,"column":null}}]},"10":{"loc":{"start":{"line":70,"column":16},"end":{"line":72,"column":null}},"type":"if","locations":[{"start":{"line":70,"column":16},"end":{"line":72,"column":null}}]},"11":{"loc":{"start":{"line":80,"column":76},"end":{"line":80,"column":102}},"type":"default-arg","locations":[{"start":{"line":80,"column":98},"end":{"line":80,"column":102}}]},"12":{"loc":{"start":{"line":80,"column":104},"end":{"line":80,"column":132}},"type":"default-arg","locations":[{"start":{"line":80,"column":128},"end":{"line":80,"column":132}}]},"13":{"loc":{"start":{"line":86,"column":8},"end":{"line":88,"column":null}},"type":"if","locations":[{"start":{"line":86,"column":8},"end":{"line":88,"column":null}}]},"14":{"loc":{"start":{"line":96,"column":12},"end":{"line":98,"column":null}},"type":"if","locations":[{"start":{"line":96,"column":12},"end":{"line":98,"column":null}}]},"15":{"loc":{"start":{"line":130,"column":8},"end":{"line":137,"column":null}},"type":"if","locations":[{"start":{"line":130,"column":8},"end":{"line":137,"column":null}}]},"16":{"loc":{"start":{"line":131,"column":12},"end":{"line":133,"column":57}},"type":"binary-expr","locations":[{"start":{"line":131,"column":12},"end":{"line":131,"column":34}},{"start":{"line":132,"column":12},"end":{"line":132,"column":41}},{"start":{"line":133,"column":12},"end":{"line":133,"column":57}}]},"17":{"loc":{"start":{"line":151,"column":8},"end":{"line":164,"column":null}},"type":"switch","locations":[{"start":{"line":152,"column":12},"end":{"line":155,"column":22}},{"start":{"line":156,"column":12},"end":{"line":159,"column":22}},{"start":{"line":160,"column":12},"end":{"line":163,"column":22}}]}},"s":{"0":1,"1":1,"2":1,"3":1,"4":1,"5":1,"6":1,"7":1,"8":1,"9":0,"10":23,"11":23,"12":23,"13":23,"14":0,"15":23,"16":2,"17":2,"18":2,"19":2,"20":7,"21":7,"22":6,"23":1,"24":1,"25":1,"26":1,"27":2,"28":23,"29":23,"30":11,"31":23,"32":2,"33":23,"34":23,"35":0,"36":23,"37":0,"38":0,"39":0,"40":0,"41":0,"42":0,"43":0,"44":0,"45":0,"46":0,"47":0,"48":0,"49":0,"50":0,"51":0,"52":0,"53":0,"54":0,"55":0,"56":0,"57":3,"58":1,"59":1,"60":1,"61":1,"62":1,"63":1,"64":1,"65":1,"66":1,"67":3,"68":1,"69":1,"70":1,"71":0,"72":1,"73":0,"74":0,"75":1,"76":1,"77":1,"78":1,"79":1,"80":1,"81":1,"82":1,"83":1,"84":1,"85":1,"86":1,"87":1,"88":1,"89":1,"90":1,"91":1,"92":1,"93":0,"94":0,"95":0,"96":0,"97":0,"98":0,"99":0,"100":0,"101":0,"102":0,"103":0,"104":0,"105":0,"106":0,"107":1,"108":12,"109":17},"f":{"0":1,"1":23,"2":23,"3":0,"4":0,"5":0,"6":0,"7":0,"8":0,"9":0,"10":0,"11":3,"12":1,"13":1,"14":1,"15":0,"16":1,"17":0,"18":0,"19":1,"20":1,"21":1,"22":1,"23":1,"24":1,"25":1,"26":1,"27":1,"28":1,"29":1,"30":1,"31":1,"32":1,"33":1,"34":1,"35":0,"36":0,"37":0,"38":0,"39":0,"40":12,"41":17},"b":{"0":[1],"1":[1],"2":[0],"3":[6],"4":[19],"5":[0],"6":[2],"7":[6,1],"8":[11],"9":[2],"10":[0],"11":[0],"12":[0],"13":[0],"14":[0],"15":[0],"16":[0,0,0],"17":[1,1,1]}}
,"/Users/shauryamgupta/sdks/vortexjs/src/api_feed.ts": {"path":"/Users/shauryamgupta/sdks/vortexjs/src/api_feed.ts","statementMap":{"0":{"start":{"line":2,"column":0},"end":{"line":2,"column":32}},"1":{"start":{"line":14,"column":8},"end":{"line":14,"column":31}},"2":{"start":{"line":15,"column":8},"end":{"line":15,"column":23}},"3":{"start":{"line":16,"column":8},"end":{"line":16,"column":51}},"4":{"start":{"line":17,"column":8},"end":{"line":17,"column":51}},"5":{"start":{"line":18,"column":8},"end":{"line":18,"column":42}},"6":{"start":{"line":19,"column":8},"end":{"line":19,"column":41}},"7":{"start":{"line":20,"column":8},"end":{"line":20,"column":45}},"8":{"start":{"line":21,"column":8},"end":{"line":31,"column":10}},"9":{"start":{"line":32,"column":8},"end":{"line":32,"column":32}},"10":{"start":{"line":36,"column":8},"end":{"line":36,"column":140}},"11":{"start":{"line":36,"column":133},"end":{"line":36,"column":140}},"12":{"start":{"line":38,"column":20},"end":{"line":38,"column":65}},"13":{"start":{"line":39,"column":8},"end":{"line":39,"column":null}},"14":{"start":{"line":40,"column":8},"end":{"line":40,"column":null}},"15":{"start":{"line":41,"column":8},"end":{"line":44,"column":null}},"16":{"start":{"line":42,"column":12},"end":{"line":42,"column":null}},"17":{"start":{"line":43,"column":12},"end":{"line":43,"column":36}},"18":{"start":{"line":46,"column":8},"end":{"line":51,"column":null}},"19":{"start":{"line":47,"column":12},"end":{"line":47,"column":39}},"20":{"start":{"line":50,"column":12},"end":{"line":50,"column":111}},"21":{"start":{"line":50,"column":87},"end":{"line":50,"column":111}},"22":{"start":{"line":53,"column":8},"end":{"line":56,"column":null}},"23":{"start":{"line":54,"column":12},"end":{"line":54,"column":null}},"24":{"start":{"line":55,"column":12},"end":{"line":55,"column":57}},"25":{"start":{"line":55,"column":37},"end":{"line":55,"column":57}},"26":{"start":{"line":58,"column":8},"end":{"line":68,"column":null}},"27":{"start":{"line":59,"column":12},"end":{"line":67,"column":null}},"28":{"start":{"line":60,"column":16},"end":{"line":60,"column":50}},"29":{"start":{"line":61,"column":16},"end":{"line":64,"column":null}},"30":{"start":{"line":62,"column":15},"end":{"line":62,"column":39}},"31":{"start":{"line":63,"column":5},"end":{"line":63,"column":46}},"32":{"start":{"line":63,"column":12},"end":{"line":63,"column":46}},"33":{"start":{"line":66,"column":16},"end":{"line":66,"column":null}},"34":{"start":{"line":72,"column":8},"end":{"line":74,"column":null}},"35":{"start":{"line":73,"column":12},"end":{"line":73,"column":null}},"36":{"start":{"line":77,"column":8},"end":{"line":77,"column":37}},"37":{"start":{"line":77,"column":31},"end":{"line":77,"column":37}},"38":{"start":{"line":78,"column":8},"end":{"line":80,"column":null}},"39":{"start":{"line":78,"column":21},"end":{"line":78,"column":22}},"40":{"start":{"line":79,"column":12},"end":{"line":79,"column":77}},"41":{"start":{"line":84,"column":8},"end":{"line":88,"column":null}},"42":{"start":{"line":85,"column":12},"end":{"line":85,"column":24}},"43":{"start":{"line":87,"column":12},"end":{"line":87,"column":25}},"44":{"start":{"line":91,"column":8},"end":{"line":94,"column":null}},"45":{"start":{"line":92,"column":12},"end":{"line":92,"column":null}},"46":{"start":{"line":93,"column":12},"end":{"line":93,"column":36}},"47":{"start":{"line":98,"column":24},"end":{"line":98,"column":74}},"48":{"start":{"line":99,"column":8},"end":{"line":99,"column":76}},"49":{"start":{"line":99,"column":42},"end":{"line":99,"column":76}},"50":{"start":{"line":100,"column":8},"end":{"line":100,"column":51}},"51":{"start":{"line":101,"column":8},"end":{"line":101,"column":null}},"52":{"start":{"line":105,"column":24},"end":{"line":105,"column":71}},"53":{"start":{"line":106,"column":8},"end":{"line":106,"column":113}},"54":{"start":{"line":106,"column":70},"end":{"line":106,"column":113}},"55":{"start":{"line":107,"column":8},"end":{"line":107,"column":null}},"56":{"start":{"line":107,"column":55},"end":{"line":107,"column":null}},"57":{"start":{"line":108,"column":8},"end":{"line":108,"column":null}},"58":{"start":{"line":112,"column":2},"end":{"line":112,"column":85}},"59":{"start":{"line":112,"column":78},"end":{"line":112,"column":85}},"60":{"start":{"line":114,"column":2},"end":{"line":121,"column":43}},"61":{"start":{"line":115,"column":3},"end":{"line":117,"column":null}},"62":{"start":{"line":116,"column":4},"end":{"line":116,"column":38}},"63":{"start":{"line":118,"column":12},"end":{"line":118,"column":null}},"64":{"start":{"line":120,"column":3},"end":{"line":120,"column":33}},"65":{"start":{"line":121,"column":16},"end":{"line":121,"column":40}},"66":{"start":{"line":125,"column":8},"end":{"line":130,"column":null}},"67":{"start":{"line":126,"column":12},"end":{"line":126,"column":40}},"68":{"start":{"line":127,"column":12},"end":{"line":127,"column":74}},"69":{"start":{"line":128,"column":12},"end":{"line":128,"column":28}},"70":{"start":{"line":129,"column":12},"end":{"line":129,"column":19}},"71":{"start":{"line":132,"column":8},"end":{"line":132,"column":40}},"72":{"start":{"line":134,"column":8},"end":{"line":134,"column":91}},"73":{"start":{"line":136,"column":8},"end":{"line":139,"column":35}},"74":{"start":{"line":137,"column":12},"end":{"line":137,"column":43}},"75":{"start":{"line":138,"column":12},"end":{"line":138,"column":27}},"76":{"start":{"line":143,"column":24},"end":{"line":143,"column":47}},"77":{"start":{"line":144,"column":102},"end":{"line":144,"column":104}},"78":{"start":{"line":145,"column":8},"end":{"line":157,"column":null}},"79":{"start":{"line":145,"column":21},"end":{"line":145,"column":22}},"80":{"start":{"line":146,"column":28},"end":{"line":146,"column":38}},"81":{"start":{"line":147,"column":12},"end":{"line":156,"column":null}},"82":{"start":{"line":148,"column":29},"end":{"line":148,"column":57}},"83":{"start":{"line":149,"column":16},"end":{"line":149,"column":null}},"84":{"start":{"line":150,"column":18},"end":{"line":156,"column":null}},"85":{"start":{"line":151,"column":30},"end":{"line":151,"column":60}},"86":{"start":{"line":152,"column":16},"end":{"line":152,"column":null}},"87":{"start":{"line":153,"column":18},"end":{"line":156,"column":null}},"88":{"start":{"line":154,"column":30},"end":{"line":154,"column":59}},"89":{"start":{"line":155,"column":16},"end":{"line":155,"column":null}},"90":{"start":{"line":159,"column":8},"end":{"line":159,"column":null}},"91":{"start":{"line":163,"column":25},"end":{"line":163,"column":42}},"92":{"start":{"line":164,"column":18},"end":{"line":164,"column":43}},"93":{"start":{"line":165,"column":7},"end":{"line":165,"column":8}},"94":{"start":{"line":166,"column":28},"end":{"line":166,"column":30}},"95":{"start":{"line":167,"column":2},"end":{"line":175,"column":null}},"96":{"start":{"line":167,"column":15},"end":{"line":167,"column":16}},"97":{"start":{"line":169,"column":16},"end":{"line":169,"column":41}},"98":{"start":{"line":170,"column":16},"end":{"line":170,"column":46}},"99":{"start":{"line":172,"column":3},"end":{"line":172,"column":24}},"100":{"start":{"line":174,"column":3},"end":{"line":174,"column":17}},"101":{"start":{"line":177,"column":2},"end":{"line":177,"column":17}},"102":{"start":{"line":181,"column":25},"end":{"line":181,"column":42}},"103":{"start":{"line":182,"column":22},"end":{"line":182,"column":33}},"104":{"start":{"line":183,"column":29},"end":{"line":183,"column":33}},"105":{"start":{"line":184,"column":8},"end":{"line":197,"column":null}},"106":{"start":{"line":186,"column":10},"end":{"line":186,"column":57}},"107":{"start":{"line":187,"column":15},"end":{"line":197,"column":null}},"108":{"start":{"line":189,"column":10},"end":{"line":189,"column":57}},"109":{"start":{"line":190,"column":15},"end":{"line":197,"column":null}},"110":{"start":{"line":192,"column":27},"end":{"line":192,"column":66}},"111":{"start":{"line":193,"column":26},"end":{"line":193,"column":69}},"112":{"start":{"line":194,"column":10},"end":{"line":194,"column":76}},"113":{"start":{"line":196,"column":10},"end":{"line":196,"column":54}},"114":{"start":{"line":200,"column":18},"end":{"line":200,"column":20}},"115":{"start":{"line":201,"column":8},"end":{"line":204,"column":null}},"116":{"start":{"line":201,"column":21},"end":{"line":201,"column":22}},"117":{"start":{"line":202,"column":27},"end":{"line":202,"column":56}},"118":{"start":{"line":203,"column":10},"end":{"line":203,"column":47}},"119":{"start":{"line":205,"column":8},"end":{"line":205,"column":19}},"120":{"start":{"line":208,"column":25},"end":{"line":208,"column":42}},"121":{"start":{"line":209,"column":43},"end":{"line":209,"column":45}},"122":{"start":{"line":210,"column":21},"end":{"line":210,"column":22}},"123":{"start":{"line":211,"column":8},"end":{"line":211,"column":null}},"124":{"start":{"line":212,"column":8},"end":{"line":212,"column":null}},"125":{"start":{"line":213,"column":8},"end":{"line":213,"column":null}},"126":{"start":{"line":214,"column":8},"end":{"line":214,"column":null}},"127":{"start":{"line":215,"column":8},"end":{"line":215,"column":null}},"128":{"start":{"line":216,"column":8},"end":{"line":216,"column":null}},"129":{"start":{"line":220,"column":25},"end":{"line":220,"column":42}},"130":{"start":{"line":221,"column":45},"end":{"line":221,"column":47}},"131":{"start":{"line":222,"column":21},"end":{"line":222,"column":22}},"132":{"start":{"line":223,"column":8},"end":{"line":223,"column":null}},"133":{"start":{"line":224,"column":8},"end":{"line":224,"column":null}},"134":{"start":{"line":225,"column":8},"end":{"line":225,"column":null}},"135":{"start":{"line":226,"column":8},"end":{"line":226,"column":null}},"136":{"start":{"line":227,"column":8},"end":{"line":227,"column":null}},"137":{"start":{"line":228,"column":8},"end":{"line":228,"column":null}},"138":{"start":{"line":229,"column":8},"end":{"line":229,"column":null}},"139":{"start":{"line":230,"column":8},"end":{"line":230,"column":null}},"140":{"start":{"line":231,"column":8},"end":{"line":231,"column":null}},"141":{"start":{"line":232,"column":8},"end":{"line":232,"column":null}},"142":{"start":{"line":233,"column":8},"end":{"line":233,"column":null}},"143":{"start":{"line":234,"column":8},"end":{"line":234,"column":null}},"144":{"start":{"line":235,"column":8},"end":{"line":235,"column":null}},"145":{"start":{"line":236,"column":8},"end":{"line":236,"column":null}},"146":{"start":{"line":237,"column":8},"end":{"line":237,"column":null}},"147":{"start":{"line":238,"column":8},"end":{"line":238,"column":null}},"148":{"start":{"line":239,"column":8},"end":{"line":239,"column":null}},"149":{"start":{"line":240,"column":8},"end":{"line":240,"column":null}},"150":{"start":{"line":241,"column":8},"end":{"line":241,"column":null}},"151":{"start":{"line":245,"column":25},"end":{"line":245,"column":42}},"152":{"start":{"line":246,"column":44},"end":{"line":246,"column":46}},"153":{"start":{"line":247,"column":21},"end":{"line":247,"column":22}},"154":{"start":{"line":248,"column":8},"end":{"line":248,"column":null}},"155":{"start":{"line":249,"column":8},"end":{"line":249,"column":null}},"156":{"start":{"line":250,"column":8},"end":{"line":250,"column":null}},"157":{"start":{"line":251,"column":8},"end":{"line":251,"column":null}},"158":{"start":{"line":252,"column":8},"end":{"line":252,"column":null}},"159":{"start":{"line":253,"column":8},"end":{"line":253,"column":null}},"160":{"start":{"line":254,"column":8},"end":{"line":254,"column":null}},"161":{"start":{"line":255,"column":8},"end":{"line":255,"column":null}},"162":{"start":{"line":256,"column":8},"end":{"line":256,"column":null}},"163":{"start":{"line":257,"column":8},"end":{"line":257,"column":null}},"164":{"start":{"line":258,"column":8},"end":{"line":258,"column":null}},"165":{"start":{"line":259,"column":8},"end":{"line":259,"column":null}},"166":{"start":{"line":260,"column":8},"end":{"line":260,"column":null}},"167":{"start":{"line":261,"column":8},"end":{"line":261,"column":null}},"168":{"start":{"line":262,"column":8},"end":{"line":262,"column":null}},"169":{"start":{"line":263,"column":8},"end":{"line":263,"column":null}},"170":{"start":{"line":264,"column":8},"end":{"line":264,"column":null}},"171":{"start":{"line":265,"column":8},"end":{"line":265,"column":null}},"172":{"start":{"line":266,"column":8},"end":{"line":266,"column":null}},"173":{"start":{"line":267,"column":8},"end":{"line":267,"column":null}},"174":{"start":{"line":268,"column":8},"end":{"line":268,"column":null}},"175":{"start":{"line":269,"column":8},"end":{"line":269,"column":null}},"176":{"start":{"line":270,"column":8},"end":{"line":270,"column":null}},"177":{"start":{"line":271,"column":8},"end":{"line":271,"column":null}},"178":{"start":{"line":272,"column":8},"end":{"line":272,"column":null}},"179":{"start":{"line":273,"column":8},"end":{"line":273,"column":null}},"180":{"start":{"line":274,"column":8},"end":{"line":274,"column":null}},"181":{"start":{"line":275,"column":8},"end":{"line":275,"column":null}},"182":{"start":{"line":276,"column":8},"end":{"line":276,"column":null}},"183":{"start":{"line":277,"column":8},"end":{"line":277,"column":null}},"184":{"start":{"line":278,"column":8},"end":{"line":310,"column":null}},"185":{"start":{"line":311,"column":8},"end":{"line":311,"column":null}},"186":{"start":{"line":312,"column":8},"end":{"line":312,"column":null}},"187":{"start":{"line":313,"column":8},"end":{"line":313,"column":null}},"188":{"start":{"line":314,"column":8},"end":{"line":314,"column":null}},"189":{"start":{"line":315,"column":8},"end":{"line":315,"column":null}},"190":{"start":{"line":316,"column":8},"end":{"line":316,"column":null}},"191":{"start":{"line":318,"column":8},"end":{"line":318,"column":null}},"192":{"start":{"line":319,"column":8},"end":{"line":319,"column":null}},"193":{"start":{"line":320,"column":8},"end":{"line":320,"column":null}},"194":{"start":{"line":321,"column":8},"end":{"line":321,"column":null}},"195":{"start":{"line":322,"column":8},"end":{"line":322,"column":null}},"196":{"start":{"line":323,"column":8},"end":{"line":323,"column":null}},"197":{"start":{"line":325,"column":8},"end":{"line":325,"column":null}},"198":{"start":{"line":326,"column":8},"end":{"line":326,"column":null}},"199":{"start":{"line":327,"column":8},"end":{"line":327,"column":null}},"200":{"start":{"line":328,"column":8},"end":{"line":328,"column":null}},"201":{"start":{"line":329,"column":8},"end":{"line":329,"column":null}},"202":{"start":{"line":330,"column":8},"end":{"line":330,"column":null}},"203":{"start":{"line":332,"column":8},"end":{"line":332,"column":null}},"204":{"start":{"line":333,"column":8},"end":{"line":333,"column":null}},"205":{"start":{"line":334,"column":8},"end":{"line":334,"column":null}},"206":{"start":{"line":335,"column":8},"end":{"line":335,"column":null}},"207":{"start":{"line":336,"column":8},"end":{"line":336,"column":null}},"208":{"start":{"line":337,"column":8},"end":{"line":337,"column":null}},"209":{"start":{"line":339,"column":8},"end":{"line":339,"column":null}},"210":{"start":{"line":340,"column":8},"end":{"line":340,"column":null}},"211":{"start":{"line":341,"column":8},"end":{"line":341,"column":null}},"212":{"start":{"line":342,"column":8},"end":{"line":342,"column":null}},"213":{"start":{"line":343,"column":8},"end":{"line":343,"column":null}},"214":{"start":{"line":344,"column":8},"end":{"line":344,"column":null}},"215":{"start":{"line":346,"column":8},"end":{"line":346,"column":null}},"216":{"start":{"line":347,"column":8},"end":{"line":347,"column":null}},"217":{"start":{"line":348,"column":8},"end":{"line":348,"column":null}},"218":{"start":{"line":349,"column":8},"end":{"line":349,"column":null}},"219":{"start":{"line":350,"column":8},"end":{"line":350,"column":null}},"220":{"start":{"line":351,"column":8},"end":{"line":351,"column":null}},"221":{"start":{"line":353,"column":8},"end":{"line":353,"column":null}},"222":{"start":{"line":354,"column":8},"end":{"line":354,"column":null}},"223":{"start":{"line":355,"column":8},"end":{"line":355,"column":null}},"224":{"start":{"line":356,"column":8},"end":{"line":356,"column":null}},"225":{"start":{"line":357,"column":8},"end":{"line":357,"column":null}},"226":{"start":{"line":358,"column":8},"end":{"line":358,"column":null}},"227":{"start":{"line":360,"column":8},"end":{"line":360,"column":null}},"228":{"start":{"line":361,"column":8},"end":{"line":361,"column":null}},"229":{"start":{"line":362,"column":8},"end":{"line":362,"column":null}},"230":{"start":{"line":363,"column":8},"end":{"line":363,"column":null}},"231":{"start":{"line":364,"column":8},"end":{"line":364,"column":null}},"232":{"start":{"line":365,"column":8},"end":{"line":365,"column":null}},"233":{"start":{"line":367,"column":8},"end":{"line":367,"column":null}},"234":{"start":{"line":368,"column":8},"end":{"line":368,"column":null}},"235":{"start":{"line":369,"column":8},"end":{"line":369,"column":null}},"236":{"start":{"line":370,"column":8},"end":{"line":370,"column":null}},"237":{"start":{"line":371,"column":8},"end":{"line":371,"column":null}},"238":{"start":{"line":372,"column":8},"end":{"line":372,"column":null}},"239":{"start":{"line":374,"column":8},"end":{"line":374,"column":null}},"240":{"start":{"line":375,"column":8},"end":{"line":375,"column":null}},"241":{"start":{"line":376,"column":8},"end":{"line":376,"column":null}},"242":{"start":{"line":377,"column":8},"end":{"line":377,"column":null}},"243":{"start":{"line":378,"column":8},"end":{"line":378,"column":null}},"244":{"start":{"line":379,"column":8},"end":{"line":379,"column":null}},"245":{"start":{"line":381,"column":8},"end":{"line":381,"column":null}},"246":{"start":{"line":382,"column":8},"end":{"line":382,"column":null}},"247":{"start":{"line":383,"column":8},"end":{"line":383,"column":null}},"248":{"start":{"line":385,"column":8},"end":{"line":385,"column":null}},"249":{"start":{"line":389,"column":25},"end":{"line":389,"column":31}},"250":{"start":{"line":390,"column":23},"end":{"line":390,"column":37}},"251":{"start":{"line":392,"column":8},"end":{"line":394,"column":null}},"252":{"start":{"line":393,"column":10},"end":{"line":393,"column":21}},"253":{"start":{"line":396,"column":8},"end":{"line":396,"column":46}},"254":{"start":{"line":3,"column":0},"end":{"line":3,"column":13}}},"fnMap":{"0":{"name":"(anonymous_6)","decl":{"start":{"line":13,"column":4},"end":{"line":13,"column":16}},"loc":{"start":{"line":13,"column":212},"end":{"line":33,"column":5}}},"1":{"name":"(anonymous_7)","decl":{"start":{"line":35,"column":4},"end":{"line":35,"column":11}},"loc":{"start":{"line":35,"column":11},"end":{"line":69,"column":5}}},"2":{"name":"(anonymous_8)","decl":{"start":{"line":41,"column":33},"end":{"line":41,"column":36}},"loc":{"start":{"line":41,"column":38},"end":{"line":44,"column":9}}},"3":{"name":"(anonymous_9)","decl":{"start":{"line":46,"column":34},"end":{"line":46,"column":35}},"loc":{"start":{"line":46,"column":40},"end":{"line":51,"column":9}}},"4":{"name":"(anonymous_10)","decl":{"start":{"line":53,"column":34},"end":{"line":53,"column":35}},"loc":{"start":{"line":53,"column":40},"end":{"line":56,"column":9}}},"5":{"name":"(anonymous_11)","decl":{"start":{"line":58,"column":36},"end":{"line":58,"column":37}},"loc":{"start":{"line":58,"column":42},"end":{"line":68,"column":9}}},"6":{"name":"(anonymous_12)","decl":{"start":{"line":71,"column":4},"end":{"line":71,"column":6}},"loc":{"start":{"line":71,"column":47},"end":{"line":75,"column":5}}},"7":{"name":"(anonymous_13)","decl":{"start":{"line":76,"column":4},"end":{"line":76,"column":11}},"loc":{"start":{"line":76,"column":33},"end":{"line":81,"column":5}}},"8":{"name":"(anonymous_14)","decl":{"start":{"line":83,"column":4},"end":{"line":83,"column":13}},"loc":{"start":{"line":83,"column":13},"end":{"line":89,"column":5}}},"9":{"name":"(anonymous_15)","decl":{"start":{"line":90,"column":4},"end":{"line":90,"column":14}},"loc":{"start":{"line":90,"column":14},"end":{"line":95,"column":5}}},"10":{"name":"(anonymous_16)","decl":{"start":{"line":97,"column":4},"end":{"line":97,"column":13}},"loc":{"start":{"line":97,"column":90},"end":{"line":102,"column":5}}},"11":{"name":"(anonymous_17)","decl":{"start":{"line":104,"column":4},"end":{"line":104,"column":15}},"loc":{"start":{"line":104,"column":64},"end":{"line":109,"column":5}}},"12":{"name":"(anonymous_18)","decl":{"start":{"line":111,"column":12},"end":{"line":111,"column":16}},"loc":{"start":{"line":111,"column":29},"end":{"line":122,"column":2}}},"13":{"name":"(anonymous_19)","decl":{"start":{"line":124,"column":12},"end":{"line":124,"column":24}},"loc":{"start":{"line":124,"column":24},"end":{"line":140,"column":5}}},"14":{"name":"(anonymous_20)","decl":{"start":{"line":136,"column":19},"end":{"line":136,"column":22}},"loc":{"start":{"line":136,"column":24},"end":{"line":139,"column":9}}},"15":{"name":"(anonymous_21)","decl":{"start":{"line":142,"column":12},"end":{"line":142,"column":23}},"loc":{"start":{"line":142,"column":41},"end":{"line":160,"column":5}}},"16":{"name":"(anonymous_22)","decl":{"start":{"line":162,"column":12},"end":{"line":162,"column":24}},"loc":{"start":{"line":162,"column":41},"end":{"line":178,"column":5}}},"17":{"name":"(anonymous_23)","decl":{"start":{"line":180,"column":12},"end":{"line":180,"column":22}},"loc":{"start":{"line":180,"column":93},"end":{"line":198,"column":5}}},"18":{"name":"(anonymous_24)","decl":{"start":{"line":199,"column":12},"end":{"line":199,"column":25}},"loc":{"start":{"line":199,"column":76},"end":{"line":206,"column":5}}},"19":{"name":"(anonymous_25)","decl":{"start":{"line":207,"column":12},"end":{"line":207,"column":27}},"loc":{"start":{"line":207,"column":44},"end":{"line":217,"column":5}}},"20":{"name":"(anonymous_26)","decl":{"start":{"line":219,"column":12},"end":{"line":219,"column":29}},"loc":{"start":{"line":219,"column":46},"end":{"line":242,"column":5}}},"21":{"name":"(anonymous_27)","decl":{"start":{"line":244,"column":12},"end":{"line":244,"column":28}},"loc":{"start":{"line":244,"column":45},"end":{"line":386,"column":5}}},"22":{"name":"(anonymous_28)","decl":{"start":{"line":388,"column":12},"end":{"line":388,"column":18}},"loc":{"start":{"line":388,"column":30},"end":{"line":397,"column":7}}}},"branchMap":{"0":{"loc":{"start":{"line":13,"column":63},"end":{"line":13,"column":94}},"type":"default-arg","locations":[{"start":{"line":13,"column":89},"end":{"line":13,"column":94}}]},"1":{"loc":{"start":{"line":13,"column":96},"end":{"line":13,"column":128}},"type":"default-arg","locations":[{"start":{"line":13,"column":124},"end":{"line":13,"column":128}}]},"2":{"loc":{"start":{"line":13,"column":130},"end":{"line":13,"column":166}},"type":"default-arg","locations":[{"start":{"line":13,"column":158},"end":{"line":13,"column":166}}]},"3":{"loc":{"start":{"line":13,"column":168},"end":{"line":13,"column":212}},"type":"default-arg","locations":[{"start":{"line":13,"column":182},"end":{"line":13,"column":212}}]},"4":{"loc":{"start":{"line":36,"column":8},"end":{"line":36,"column":140}},"type":"if","locations":[{"start":{"line":36,"column":8},"end":{"line":36,"column":140}}]},"5":{"loc":{"start":{"line":36,"column":12},"end":{"line":36,"column":131}},"type":"binary-expr","locations":[{"start":{"line":36,"column":12},"end":{"line":36,"column":27}},{"start":{"line":36,"column":32},"end":{"line":36,"column":82}},{"start":{"line":36,"column":86},"end":{"line":36,"column":130}}]},"6":{"loc":{"start":{"line":50,"column":12},"end":{"line":50,"column":111}},"type":"if","locations":[{"start":{"line":50,"column":12},"end":{"line":50,"column":111}}]},"7":{"loc":{"start":{"line":50,"column":16},"end":{"line":50,"column":85}},"type":"binary-expr","locations":[{"start":{"line":50,"column":16},"end":{"line":50,"column":31}},{"start":{"line":50,"column":35},"end":{"line":50,"column":85}}]},"8":{"loc":{"start":{"line":55,"column":12},"end":{"line":55,"column":57}},"type":"if","locations":[{"start":{"line":55,"column":12},"end":{"line":55,"column":57}}]},"9":{"loc":{"start":{"line":59,"column":12},"end":{"line":67,"column":null}},"type":"if","locations":[{"start":{"line":59,"column":12},"end":{"line":67,"column":null}},{"start":{"line":65,"column":17},"end":{"line":67,"column":null}}]},"10":{"loc":{"start":{"line":61,"column":16},"end":{"line":64,"column":null}},"type":"if","locations":[{"start":{"line":61,"column":16},"end":{"line":64,"column":null}}]},"11":{"loc":{"start":{"line":63,"column":5},"end":{"line":63,"column":46}},"type":"if","locations":[{"start":{"line":63,"column":5},"end":{"line":63,"column":46}}]},"12":{"loc":{"start":{"line":72,"column":8},"end":{"line":74,"column":null}},"type":"if","locations":[{"start":{"line":72,"column":8},"end":{"line":74,"column":null}}]},"13":{"loc":{"start":{"line":77,"column":8},"end":{"line":77,"column":37}},"type":"if","locations":[{"start":{"line":77,"column":8},"end":{"line":77,"column":37}}]},"14":{"loc":{"start":{"line":79,"column":59},"end":{"line":79,"column":75}},"type":"cond-expr","locations":[{"start":{"line":79,"column":66},"end":{"line":79,"column":70}},{"start":{"line":79,"column":73},"end":{"line":79,"column":75}}]},"15":{"loc":{"start":{"line":84,"column":8},"end":{"line":88,"column":null}},"type":"if","locations":[{"start":{"line":84,"column":8},"end":{"line":88,"column":null}},{"start":{"line":86,"column":15},"end":{"line":88,"column":null}}]},"16":{"loc":{"start":{"line":84,"column":12},"end":{"line":84,"column":75}},"type":"binary-expr","locations":[{"start":{"line":84,"column":12},"end":{"line":84,"column":27}},{"start":{"line":84,"column":31},"end":{"line":84,"column":75}}]},"17":{"loc":{"start":{"line":91,"column":8},"end":{"line":94,"column":null}},"type":"if","locations":[{"start":{"line":91,"column":8},"end":{"line":94,"column":null}}]},"18":{"loc":{"start":{"line":91,"column":12},"end":{"line":91,"column":140}},"type":"binary-expr","locations":[{"start":{"line":91,"column":12},"end":{"line":91,"column":27}},{"start":{"line":91,"column":31},"end":{"line":91,"column":84}},{"start":{"line":91,"column":88},"end":{"line":91,"column":140}}]},"19":{"loc":{"start":{"line":99,"column":8},"end":{"line":99,"column":76}},"type":"if","locations":[{"start":{"line":99,"column":8},"end":{"line":99,"column":76}}]},"20":{"loc":{"start":{"line":106,"column":8},"end":{"line":106,"column":113}},"type":"if","locations":[{"start":{"line":106,"column":8},"end":{"line":106,"column":113}}]},"21":{"loc":{"start":{"line":106,"column":11},"end":{"line":106,"column":68}},"type":"binary-expr","locations":[{"start":{"line":106,"column":11},"end":{"line":106,"column":39}},{"start":{"line":106,"column":43},"end":{"line":106,"column":68}}]},"22":{"loc":{"start":{"line":107,"column":8},"end":{"line":107,"column":null}},"type":"if","locations":[{"start":{"line":107,"column":8},"end":{"line":107,"column":null}}]},"23":{"loc":{"start":{"line":112,"column":2},"end":{"line":112,"column":85}},"type":"if","locations":[{"start":{"line":112,"column":2},"end":{"line":112,"column":85}}]},"24":{"loc":{"start":{"line":112,"column":6},"end":{"line":112,"column":76}},"type":"binary-expr","locations":[{"start":{"line":112,"column":6},"end":{"line":112,"column":22}},{"start":{"line":112,"column":26},"end":{"line":112,"column":76}}]},"25":{"loc":{"start":{"line":115,"column":3},"end":{"line":117,"column":null}},"type":"if","locations":[{"start":{"line":115,"column":3},"end":{"line":117,"column":null}}]},"26":{"loc":{"start":{"line":125,"column":8},"end":{"line":130,"column":null}},"type":"if","locations":[{"start":{"line":125,"column":8},"end":{"line":130,"column":null}}]},"27":{"loc":{"start":{"line":147,"column":12},"end":{"line":156,"column":null}},"type":"if","locations":[{"start":{"line":147,"column":12},"end":{"line":156,"column":null}},{"start":{"line":150,"column":18},"end":{"line":156,"column":null}}]},"28":{"loc":{"start":{"line":150,"column":18},"end":{"line":156,"column":null}},"type":"if","locations":[{"start":{"line":150,"column":18},"end":{"line":156,"column":null}},{"start":{"line":153,"column":18},"end":{"line":156,"column":null}}]},"29":{"loc":{"start":{"line":153,"column":18},"end":{"line":156,"column":null}},"type":"if","locations":[{"start":{"line":153,"column":18},"end":{"line":156,"column":null}}]},"30":{"loc":{"start":{"line":180,"column":69},"end":{"line":180,"column":93}},"type":"default-arg","locations":[{"start":{"line":180,"column":90},"end":{"line":180,"column":93}}]},"31":{"loc":{"start":{"line":184,"column":8},"end":{"line":197,"column":null}},"type":"if","locations":[{"start":{"line":184,"column":8},"end":{"line":197,"column":null}},{"start":{"line":187,"column":15},"end":{"line":197,"column":null}}]},"32":{"loc":{"start":{"line":187,"column":15},"end":{"line":197,"column":null}},"type":"if","locations":[{"start":{"line":187,"column":15},"end":{"line":197,"column":null}},{"start":{"line":190,"column":15},"end":{"line":197,"column":null}}]},"33":{"loc":{"start":{"line":190,"column":15},"end":{"line":197,"column":null}},"type":"if","locations":[{"start":{"line":190,"column":15},"end":{"line":197,"column":null}},{"start":{"line":195,"column":15},"end":{"line":197,"column":null}}]},"34":{"loc":{"start":{"line":392,"column":15},"end":{"line":392,"column":58}},"type":"binary-expr","locations":[{"start":{"line":392,"column":15},"end":{"line":392,"column":28}},{"start":{"line":392,"column":32},"end":{"line":392,"column":58}}]}},"s":{"0":1,"1":0,"2":0,"3":0,"4":0,"5":0,"6":0,"7":0,"8":0,"9":0,"10":0,"11":0,"12":0,"13":0,"14":0,"15":0,"16":0,"17":0,"18":0,"19":0,"20":0,"21":0,"22":0,"23":0,"24":0,"25":0,"26":0,"27":0,"28":0,"29":0,"30":0,"31":0,"32":0,"33":0,"34":0,"35":0,"36":0,"37":0,"38":0,"39":0,"40":0,"41":0,"42":0,"43":0,"44":0,"45":0,"46":0,"47":0,"48":0,"49":0,"50":0,"51":0,"52":0,"53":0,"54":0,"55":0,"56":0,"57":0,"58":0,"59":0,"60":0,"61":0,"62":0,"63":0,"64":0,"65":0,"66":0,"67":0,"68":0,"69":0,"70":0,"71":0,"72":0,"73":0,"74":0,"75":0,"76":0,"77":0,"78":0,"79":0,"80":0,"81":0,"82":0,"83":0,"84":0,"85":0,"86":0,"87":0,"88":0,"89":0,"90":0,"91":0,"92":0,"93":0,"94":0,"95":0,"96":0,"97":0,"98":0,"99":0,"100":0,"101":0,"102":0,"103":0,"104":0,"105":0,"106":0,"107":0,"108":0,"109":0,"110":0,"111":0,"112":0,"113":0,"114":0,"115":0,"116":0,"117":0,"118":0,"119":0,"120":0,"121":0,"122":0,"123":0,"124":0,"125":0,"126":0,"127":0,"128":0,"129":0,"130":0,"131":0,"132":0,"133":0,"134":0,"135":0,"136":0,"137":0,"138":0,"139":0,"140":0,"141":0,"142":0,"143":0,"144":0,"145":0,"146":0,"147":0,"148":0,"149":0,"150":0,"151":0,"152":0,"153":0,"154":0,"155":0,"156":0,"157":0,"158":0,"159":0,"160":0,"161":0,"162":0,"163":0,"164":0,"165":0,"166":0,"167":0,"168":0,"169":0,"170":0,"171":0,"172":0,"173":0,"174":0,"175":0,"176":0,"177":0,"178":0,"179":0,"180":0,"181":0,"182":0,"183":0,"184":0,"185":0,"186":0,"187":0,"188":0,"189":0,"190":0,"191":0,"192":0,"193":0,"194":0,"195":0,"196":0,"197":0,"198":0,"199":0,"200":0,"201":0,"202":0,"203":0,"204":0,"205":0,"206":0,"207":0,"208":0,"209":0,"210":0,"211":0,"212":0,"213":0,"214":0,"215":0,"216":0,"217":0,"218":0,"219":0,"220":0,"221":0,"222":0,"223":0,"224":0,"225":0,"226":0,"227":0,"228":0,"229":0,"230":0,"231":0,"232":0,"233":0,"234":0,"235":0,"236":0,"237":0,"238":0,"239":0,"240":0,"241":0,"242":0,"243":0,"244":0,"245":0,"246":0,"247":0,"248":0,"249":0,"250":0,"251":0,"252":0,"253":0,"254":1},"f":{"0":0,"1":0,"2":0,"3":0,"4":0,"5":0,"6":0,"7":0,"8":0,"9":0,"10":0,"11":0,"12":0,"13":0,"14":0,"15":0,"16":0,"17":0,"18":0,"19":0,"20":0,"21":0,"22":0},"b":{"0":[0],"1":[0],"2":[0],"3":[0],"4":[0],"5":[0,0,0],"6":[0],"7":[0,0],"8":[0],"9":[0,0],"10":[0],"11":[0],"12":[0],"13":[0],"14":[0,0],"15":[0,0],"16":[0,0],"17":[0],"18":[0,0,0],"19":[0],"20":[0],"21":[0,0],"22":[0],"23":[0],"24":[0,0],"25":[0],"26":[0],"27":[0,0],"28":[0,0],"29":[0],"30":[0],"31":[0,0],"32":[0,0],"33":[0,0],"34":[0,0]}}
,"/Users/shauryamgupta/sdks/vortexjs/src/index.ts": {"path":"/Users/shauryamgupta/sdks/vortexjs/src/index.ts","statementMap":{"0":{"start":{"line":1,"column":0},"end":{"line":1,"column":8}},"1":{"start":{"line":6,"column":8},"end":{"line":1,"column":32}},"2":{"start":{"line":2,"column":0},"end":{"line":2,"column":8}},"3":{"start":{"line":7,"column":8},"end":{"line":2,"column":38}},"4":{"start":{"line":3,"column":0},"end":{"line":3,"column":37}},"5":{"start":{"line":5,"column":8},"end":{"line":5,"column":17}}},"fnMap":{"0":{"name":"(anonymous_6)","decl":{"start":{"line":6,"column":8},"end":{"line":6,"column":17}},"loc":{"start":{"line":6,"column":8},"end":{"line":1,"column":32}}},"1":{"name":"(anonymous_7)","decl":{"start":{"line":7,"column":8},"end":{"line":7,"column":18}},"loc":{"start":{"line":7,"column":8},"end":{"line":2,"column":38}}}},"branchMap":{},"s":{"0":1,"1":2,"2":1,"3":1,"4":1,"5":1},"f":{"0":1,"1":0},"b":{}}
,"/Users/shauryamgupta/sdks/vortexjs/src/types.ts": {"path":"/Users/shauryamgupta/sdks/vortexjs/src/types.ts","statementMap":{"0":{"start":{"line":83,"column":0},"end":{"line":83,"column":null}},"1":{"start":{"line":84,"column":4},"end":{"line":84,"column":null}},"2":{"start":{"line":85,"column":4},"end":{"line":85,"column":null}},"3":{"start":{"line":86,"column":4},"end":{"line":86,"column":null}},"4":{"start":{"line":87,"column":4},"end":{"line":87,"column":null}},"5":{"start":{"line":88,"column":4},"end":{"line":88,"column":null}},"6":{"start":{"line":89,"column":4},"end":{"line":89,"column":null}},"7":{"start":{"line":90,"column":4},"end":{"line":90,"column":null}},"8":{"start":{"line":91,"column":4},"end":{"line":91,"column":null}},"9":{"start":{"line":92,"column":4},"end":{"line":92,"column":null}},"10":{"start":{"line":93,"column":4},"end":{"line":93,"column":null}},"11":{"start":{"line":94,"column":4},"end":{"line":94,"column":null}},"12":{"start":{"line":95,"column":4},"end":{"line":95,"column":null}},"13":{"start":{"line":96,"column":4},"end":{"line":96,"column":null}},"14":{"start":{"line":97,"column":4},"end":{"line":97,"column":null}},"15":{"start":{"line":98,"column":4},"end":{"line":98,"column":null}},"16":{"start":{"line":101,"column":0},"end":{"line":101,"column":null}},"17":{"start":{"line":102,"column":4},"end":{"line":102,"column":null}},"18":{"start":{"line":103,"column":4},"end":{"line":103,"column":null}},"19":{"start":{"line":104,"column":4},"end":{"line":104,"column":null}},"20":{"start":{"line":105,"column":4},"end":{"line":105,"column":null}},"21":{"start":{"line":106,"column":4},"end":{"line":106,"column":null}},"22":{"start":{"line":108,"column":0},"end":{"line":108,"column":null}},"23":{"start":{"line":109,"column":4},"end":{"line":109,"column":null}},"24":{"start":{"line":110,"column":4},"end":{"line":110,"column":null}},"25":{"start":{"line":359,"column":0},"end":{"line":359,"column":null}},"26":{"start":{"line":360,"column":4},"end":{"line":360,"column":null}},"27":{"start":{"line":361,"column":4},"end":{"line":361,"column":null}},"28":{"start":{"line":362,"column":4},"end":{"line":362,"column":null}},"29":{"start":{"line":363,"column":4},"end":{"line":363,"column":null}},"30":{"start":{"line":364,"column":4},"end":{"line":364,"column":null}},"31":{"start":{"line":365,"column":4},"end":{"line":365,"column":null}},"32":{"start":{"line":366,"column":4},"end":{"line":366,"column":null}},"33":{"start":{"line":367,"column":4},"end":{"line":367,"column":null}},"34":{"start":{"line":368,"column":4},"end":{"line":368,"column":null}},"35":{"start":{"line":369,"column":4},"end":{"line":369,"column":null}},"36":{"start":{"line":370,"column":4},"end":{"line":370,"column":null}},"37":{"start":{"line":371,"column":4},"end":{"line":371,"column":null}},"38":{"start":{"line":372,"column":4},"end":{"line":372,"column":null}},"39":{"start":{"line":373,"column":4},"end":{"line":373,"column":null}},"40":{"start":{"line":374,"column":4},"end":{"line":374,"column":null}},"41":{"start":{"line":375,"column":4},"end":{"line":375,"column":null}},"42":{"start":{"line":377,"column":0},"end":{"line":377,"column":null}},"43":{"start":{"line":378,"column":4},"end":{"line":378,"column":null}},"44":{"start":{"line":379,"column":4},"end":{"line":379,"column":null}},"45":{"start":{"line":380,"column":4},"end":{"line":380,"column":null}},"46":{"start":{"line":382,"column":0},"end":{"line":382,"column":null}},"47":{"start":{"line":383,"column":4},"end":{"line":383,"column":null}},"48":{"start":{"line":384,"column":4},"end":{"line":384,"column":null}},"49":{"start":{"line":385,"column":4},"end":{"line":385,"column":null}},"50":{"start":{"line":386,"column":4},"end":{"line":386,"column":null}},"51":{"start":{"line":389,"column":0},"end":{"line":389,"column":null}},"52":{"start":{"line":390,"column":4},"end":{"line":390,"column":null}},"53":{"start":{"line":391,"column":4},"end":{"line":391,"column":null}},"54":{"start":{"line":394,"column":0},"end":{"line":394,"column":null}},"55":{"start":{"line":395,"column":4},"end":{"line":395,"column":null}},"56":{"start":{"line":396,"column":4},"end":{"line":396,"column":null}},"57":{"start":{"line":397,"column":4},"end":{"line":397,"column":null}},"58":{"start":{"line":400,"column":0},"end":{"line":400,"column":null}},"59":{"start":{"line":401,"column":4},"end":{"line":401,"column":null}},"60":{"start":{"line":402,"column":4},"end":{"line":402,"column":null}},"61":{"start":{"line":403,"column":4},"end":{"line":403,"column":null}},"62":{"start":{"line":404,"column":4},"end":{"line":404,"column":null}},"63":{"start":{"line":407,"column":0},"end":{"line":407,"column":null}},"64":{"start":{"line":408,"column":4},"end":{"line":408,"column":null}},"65":{"start":{"line":409,"column":4},"end":{"line":409,"column":null}},"66":{"start":{"line":410,"column":4},"end":{"line":410,"column":null}},"67":{"start":{"line":413,"column":0},"end":{"line":413,"column":null}},"68":{"start":{"line":414,"column":4},"end":{"line":414,"column":null}},"69":{"start":{"line":415,"column":4},"end":{"line":415,"column":null}},"70":{"start":{"line":761,"column":13},"end":{"line":761,"column":46}},"71":{"start":{"line":762,"column":13},"end":{"line":762,"column":50}},"72":{"start":{"line":763,"column":13},"end":{"line":763,"column":58}},"73":{"start":{"line":764,"column":13},"end":{"line":764,"column":58}},"74":{"start":{"line":765,"column":13},"end":{"line":765,"column":62}},"75":{"start":{"line":766,"column":13},"end":{"line":766,"column":71}},"76":{"start":{"line":767,"column":13},"end":{"line":767,"column":62}},"77":{"start":{"line":768,"column":13},"end":{"line":768,"column":80}},"78":{"start":{"line":769,"column":13},"end":{"line":769,"column":61}},"79":{"start":{"line":770,"column":13},"end":{"line":770,"column":54}},"80":{"start":{"line":771,"column":13},"end":{"line":771,"column":82}},"81":{"start":{"line":772,"column":13},"end":{"line":772,"column":60}},"82":{"start":{"line":773,"column":13},"end":{"line":773,"column":51}},"83":{"start":{"line":774,"column":13},"end":{"line":774,"column":67}},"84":{"start":{"line":775,"column":13},"end":{"line":775,"column":73}},"85":{"start":{"line":776,"column":13},"end":{"line":776,"column":65}},"86":{"start":{"line":777,"column":13},"end":{"line":777,"column":46}},"87":{"start":{"line":778,"column":13},"end":{"line":778,"column":54}},"88":{"start":{"line":779,"column":13},"end":{"line":779,"column":62}},"89":{"start":{"line":780,"column":13},"end":{"line":780,"column":62}},"90":{"start":{"line":781,"column":13},"end":{"line":781,"column":55}},"91":{"start":{"line":782,"column":13},"end":{"line":782,"column":57}},"92":{"start":{"line":783,"column":13},"end":{"line":783,"column":47}},"93":{"start":{"line":784,"column":13},"end":{"line":784,"column":50}},"94":{"start":{"line":785,"column":13},"end":{"line":785,"column":65}},"95":{"start":{"line":786,"column":13},"end":{"line":786,"column":51}},"96":{"start":{"line":787,"column":13},"end":{"line":787,"column":62}},"97":{"start":{"line":788,"column":13},"end":{"line":788,"column":64}},"98":{"start":{"line":789,"column":13},"end":{"line":789,"column":83}},"99":{"start":{"line":790,"column":13},"end":{"line":790,"column":103}},"100":{"start":{"line":791,"column":13},"end":{"line":791,"column":103}},"101":{"start":{"line":792,"column":13},"end":{"line":792,"column":78}},"102":{"start":{"line":793,"column":13},"end":{"line":793,"column":95}},"103":{"start":{"line":794,"column":13},"end":{"line":794,"column":47}},"104":{"start":{"line":795,"column":13},"end":{"line":795,"column":49}}},"fnMap":{"0":{"name":"(anonymous_0)","decl":{"start":{"line":83,"column":0},"end":{"line":83,"column":12}},"loc":{"start":{"line":83,"column":26},"end":{"line":99,"column":1}}},"1":{"name":"(anonymous_1)","decl":{"start":{"line":101,"column":0},"end":{"line":101,"column":12}},"loc":{"start":{"line":101,"column":26},"end":{"line":107,"column":1}}},"2":{"name":"(anonymous_2)","decl":{"start":{"line":108,"column":0},"end":{"line":108,"column":12}},"loc":{"start":{"line":108,"column":22},"end":{"line":111,"column":1}}},"3":{"name":"(anonymous_3)","decl":{"start":{"line":359,"column":0},"end":{"line":359,"column":12}},"loc":{"start":{"line":359,"column":23},"end":{"line":376,"column":1}}},"4":{"name":"(anonymous_4)","decl":{"start":{"line":377,"column":0},"end":{"line":377,"column":12}},"loc":{"start":{"line":377,"column":22},"end":{"line":381,"column":1}}},"5":{"name":"(anonymous_5)","decl":{"start":{"line":382,"column":0},"end":{"line":382,"column":12}},"loc":{"start":{"line":382,"column":25},"end":{"line":387,"column":1}}},"6":{"name":"(anonymous_6)","decl":{"start":{"line":389,"column":0},"end":{"line":389,"column":12}},"loc":{"start":{"line":389,"column":28},"end":{"line":392,"column":1}}},"7":{"name":"(anonymous_7)","decl":{"start":{"line":394,"column":0},"end":{"line":394,"column":12}},"loc":{"start":{"line":394,"column":24},"end":{"line":398,"column":1}}},"8":{"name":"(anonymous_8)","decl":{"start":{"line":400,"column":0},"end":{"line":400,"column":12}},"loc":{"start":{"line":400,"column":24},"end":{"line":405,"column":1}}},"9":{"name":"(anonymous_9)","decl":{"start":{"line":407,"column":0},"end":{"line":407,"column":12}},"loc":{"start":{"line":407,"column":25},"end":{"line":411,"column":1}}},"10":{"name":"(anonymous_10)","decl":{"start":{"line":413,"column":0},"end":{"line":413,"column":12}},"loc":{"start":{"line":413,"column":28},"end":{"line":416,"column":1}}}},"branchMap":{"0":{"loc":{"start":{"line":83,"column":12},"end":{"line":83,"column":null}},"type":"binary-expr","locations":[{"start":{"line":83,"column":12},"end":{"line":83,"column":26}},{"start":{"line":83,"column":26},"end":{"line":83,"column":null}}]},"1":{"loc":{"start":{"line":101,"column":12},"end":{"line":101,"column":null}},"type":"binary-expr","locations":[{"start":{"line":101,"column":12},"end":{"line":101,"column":26}},{"start":{"line":101,"column":26},"end":{"line":101,"column":null}}]},"2":{"loc":{"start":{"line":108,"column":12},"end":{"line":108,"column":null}},"type":"binary-expr","locations":[{"start":{"line":108,"column":12},"end":{"line":108,"column":22}},{"start":{"line":108,"column":22},"end":{"line":108,"column":null}}]},"3":{"loc":{"start":{"line":359,"column":12},"end":{"line":359,"column":null}},"type":"binary-expr","locations":[{"start":{"line":359,"column":12},"end":{"line":359,"column":23}},{"start":{"line":359,"column":23},"end":{"line":359,"column":null}}]},"4":{"loc":{"start":{"line":377,"column":12},"end":{"line":377,"column":null}},"type":"binary-expr","locations":[{"start":{"line":377,"column":12},"end":{"line":377,"column":22}},{"start":{"line":377,"column":22},"end":{"line":377,"column":null}}]},"5":{"loc":{"start":{"line":382,"column":12},"end":{"line":382,"column":null}},"type":"binary-expr","locations":[{"start":{"line":382,"column":12},"end":{"line":382,"column":25}},{"start":{"line":382,"column":25},"end":{"line":382,"column":null}}]},"6":{"loc":{"start":{"line":389,"column":12},"end":{"line":389,"column":null}},"type":"binary-expr","locations":[{"start":{"line":389,"column":12},"end":{"line":389,"column":28}},{"start":{"line":389,"column":28},"end":{"line":389,"column":null}}]},"7":{"loc":{"start":{"line":394,"column":12},"end":{"line":394,"column":null}},"type":"binary-expr","locations":[{"start":{"line":394,"column":12},"end":{"line":394,"column":24}},{"start":{"line":394,"column":24},"end":{"line":394,"column":null}}]},"8":{"loc":{"start":{"line":400,"column":12},"end":{"line":400,"column":null}},"type":"binary-expr","locations":[{"start":{"line":400,"column":12},"end":{"line":400,"column":24}},{"start":{"line":400,"column":24},"end":{"line":400,"column":null}}]},"9":{"loc":{"start":{"line":407,"column":12},"end":{"line":407,"column":null}},"type":"binary-expr","locations":[{"start":{"line":407,"column":12},"end":{"line":407,"column":25}},{"start":{"line":407,"column":25},"end":{"line":407,"column":null}}]},"10":{"loc":{"start":{"line":413,"column":12},"end":{"line":413,"column":null}},"type":"binary-expr","locations":[{"start":{"line":413,"column":12},"end":{"line":413,"column":28}},{"start":{"line":413,"column":28},"end":{"line":413,"column":null}}]}},"s":{"0":1,"1":1,"2":1,"3":1,"4":1,"5":1,"6":1,"7":1,"8":1,"9":1,"10":1,"11":1,"12":1,"13":1,"14":1,"15":1,"16":1,"17":1,"18":1,"19":1,"20":1,"21":1,"22":1,"23":1,"24":1,"25":1,"26":1,"27":1,"28":1,"29":1,"30":1,"31":1,"32":1,"33":1,"34":1,"35":1,"36":1,"37":1,"38":1,"39":1,"40":1,"41":1,"42":1,"43":1,"44":1,"45":1,"46":1,"47":1,"48":1,"49":1,"50":1,"51":1,"52":1,"53":1,"54":1,"55":1,"56":1,"57":1,"58":1,"59":1,"60":1,"61":1,"62":1,"63":1,"64":1,"65":1,"66":1,"67":1,"68":1,"69":1,"70":1,"71":1,"72":1,"73":1,"74":1,"75":1,"76":1,"77":1,"78":1,"79":1,"80":1,"81":1,"82":1,"83":1,"84":1,"85":1,"86":1,"87":1,"88":1,"89":1,"90":1,"91":1,"92":1,"93":1,"94":1,"95":1,"96":1,"97":1,"98":1,"99":1,"100":1,"101":1,"102":1,"103":1,"104":1},"f":{"0":1,"1":1,"2":1,"3":1,"4":1,"5":1,"6":1,"7":1,"8":1,"9":1,"10":1},"b":{"0":[1,1],"1":[1,1],"2":[1,1],"3":[1,1],"4":[1,1],"5":[1,1],"6":[1,1],"7":[1,1],"8":[1,1],"9":[1,1],"10":[1,1]}}
}
