TN:
SF:src/api.ts
FN:23,(anonymous_14)
FN:34,(anonymous_15)
FN:69,(anonymous_17)
FN:75,(anonymous_18)
FN:80,(anonymous_19)
FN:95,(anonymous_21)
FN:101,(anonymous_22)
FN:113,(anonymous_23)
FN:122,(anonymous_25)
FN:129,(anonymous_26)
FN:142,(anonymous_27)
FN:150,(anonymous_28)
FN:172,(anonymous_30)
FN:180,(anonymous_32)
FN:190,(anonymous_34)
FN:200,(anonymous_36)
FN:210,(anonymous_38)
FN:219,(anonymous_40)
FN:228,(anonymous_42)
FN:237,(anonymous_44)
FN:246,(anonymous_46)
FN:255,(anonymous_48)
FN:264,(anonymous_50)
FN:272,(anonymous_52)
FN:280,(anonymous_54)
FN:288,(anonymous_56)
FN:296,(anonymous_58)
FN:304,(anonymous_60)
FN:312,(anonymous_62)
FN:320,(anonymous_64)
FN:328,(anonymous_66)
FN:337,(anonymous_68)
FN:346,(anonymous_70)
FN:356,(anonymous_72)
FN:370,(anonymous_74)
FN:375,(anonymous_76)
FN:387,(anonymous_78)
FN:391,(anonymous_79)
FN:394,(anonymous_80)
FN:397,(anonymous_81)
FN:410,constructUrl
FN:411,(anonymous_83)
FNF:42
FNH:26
FNDA:1,(anonymous_14)
FNDA:23,(anonymous_15)
FNDA:23,(anonymous_17)
FNDA:0,(anonymous_18)
FNDA:0,(anonymous_19)
FNDA:0,(anonymous_21)
FNDA:0,(anonymous_22)
FNDA:0,(anonymous_23)
FNDA:0,(anonymous_25)
FNDA:0,(anonymous_26)
FNDA:0,(anonymous_27)
FNDA:3,(anonymous_28)
FNDA:1,(anonymous_30)
FNDA:1,(anonymous_32)
FNDA:1,(anonymous_34)
FNDA:0,(anonymous_36)
FNDA:1,(anonymous_38)
FNDA:0,(anonymous_40)
FNDA:0,(anonymous_42)
FNDA:1,(anonymous_44)
FNDA:1,(anonymous_46)
FNDA:1,(anonymous_48)
FNDA:1,(anonymous_50)
FNDA:1,(anonymous_52)
FNDA:1,(anonymous_54)
FNDA:1,(anonymous_56)
FNDA:1,(anonymous_58)
FNDA:1,(anonymous_60)
FNDA:1,(anonymous_62)
FNDA:1,(anonymous_64)
FNDA:1,(anonymous_66)
FNDA:1,(anonymous_68)
FNDA:1,(anonymous_70)
FNDA:1,(anonymous_72)
FNDA:1,(anonymous_74)
FNDA:0,(anonymous_76)
FNDA:0,(anonymous_78)
FNDA:0,(anonymous_79)
FNDA:0,(anonymous_80)
FNDA:0,(anonymous_81)
FNDA:12,constructUrl
FNDA:17,(anonymous_83)
DA:3,1
DA:4,1
DA:5,1
DA:9,1
DA:24,1
DA:25,1
DA:26,1
DA:27,1
DA:28,1
DA:29,1
DA:30,0
DA:35,23
DA:36,23
DA:40,23
DA:41,23
DA:42,0
DA:44,23
DA:45,2
DA:46,2
DA:47,2
DA:48,7
DA:49,7
DA:50,6
DA:52,1
DA:53,1
DA:54,1
DA:58,2
DA:61,23
DA:62,23
DA:63,11
DA:65,23
DA:66,2
DA:68,23
DA:70,23
DA:71,0
DA:73,23
DA:76,0
DA:81,0
DA:85,0
DA:86,0
DA:87,0
DA:89,0
DA:96,0
DA:97,0
DA:99,0
DA:102,0
DA:114,0
DA:115,0
DA:121,0
DA:123,0
DA:125,0
DA:130,0
DA:135,0
DA:136,0
DA:139,0
DA:143,0
DA:151,3
DA:153,1
DA:154,1
DA:155,1
DA:157,1
DA:158,1
DA:159,1
DA:161,1
DA:162,1
DA:163,1
DA:165,3
DA:173,1
DA:181,1
DA:191,1
DA:201,0
DA:211,1
DA:220,0
DA:229,0
DA:238,1
DA:247,1
DA:256,1
DA:265,1
DA:273,1
DA:281,1
DA:289,1
DA:297,1
DA:305,1
DA:313,1
DA:321,1
DA:329,1
DA:338,1
DA:347,1
DA:357,1
DA:358,1
DA:371,1
DA:372,1
DA:376,0
DA:377,0
DA:378,0
DA:383,0
DA:384,0
DA:385,0
DA:386,0
DA:387,0
DA:388,0
DA:392,0
DA:395,0
DA:398,0
DA:402,0
DA:404,0
DA:411,17
LF:107
LH:67
BRDA:23,0,0,1
BRDA:23,1,0,1
BRDA:29,2,0,0
BRDA:34,3,0,6
BRDA:34,4,0,19
BRDA:41,5,0,0
BRDA:44,6,0,2
BRDA:49,7,0,6
BRDA:49,7,1,1
BRDA:62,8,0,11
BRDA:65,9,0,2
BRDA:70,10,0,0
BRDA:80,11,0,0
BRDA:80,12,0,0
BRDA:86,13,0,0
BRDA:96,14,0,0
BRDA:130,15,0,0
BRDA:131,16,0,0
BRDA:131,16,1,0
BRDA:131,16,2,0
BRDA:151,17,0,1
BRDA:151,17,1,1
BRDA:151,17,2,1
BRF:23
BRH:12
end_of_record
TN:
SF:src/api_feed.ts
FN:13,(anonymous_6)
FN:35,(anonymous_7)
FN:41,(anonymous_8)
FN:46,(anonymous_9)
FN:53,(anonymous_10)
FN:58,(anonymous_11)
FN:71,(anonymous_12)
FN:76,(anonymous_13)
FN:83,(anonymous_14)
FN:90,(anonymous_15)
FN:97,(anonymous_16)
FN:104,(anonymous_17)
FN:111,(anonymous_18)
FN:124,(anonymous_19)
FN:136,(anonymous_20)
FN:142,(anonymous_21)
FN:162,(anonymous_22)
FN:180,(anonymous_23)
FN:199,(anonymous_24)
FN:207,(anonymous_25)
FN:219,(anonymous_26)
FN:244,(anonymous_27)
FN:388,(anonymous_28)
FNF:23
FNH:0
FNDA:0,(anonymous_6)
FNDA:0,(anonymous_7)
FNDA:0,(anonymous_8)
FNDA:0,(anonymous_9)
FNDA:0,(anonymous_10)
FNDA:0,(anonymous_11)
FNDA:0,(anonymous_12)
FNDA:0,(anonymous_13)
FNDA:0,(anonymous_14)
FNDA:0,(anonymous_15)
FNDA:0,(anonymous_16)
FNDA:0,(anonymous_17)
FNDA:0,(anonymous_18)
FNDA:0,(anonymous_19)
FNDA:0,(anonymous_20)
FNDA:0,(anonymous_21)
FNDA:0,(anonymous_22)
FNDA:0,(anonymous_23)
FNDA:0,(anonymous_24)
FNDA:0,(anonymous_25)
FNDA:0,(anonymous_26)
FNDA:0,(anonymous_27)
FNDA:0,(anonymous_28)
DA:2,1
DA:3,1
DA:14,0
DA:15,0
DA:16,0
DA:17,0
DA:18,0
DA:19,0
DA:20,0
DA:21,0
DA:32,0
DA:36,0
DA:38,0
DA:39,0
DA:40,0
DA:41,0
DA:42,0
DA:43,0
DA:46,0
DA:47,0
DA:50,0
DA:53,0
DA:54,0
DA:55,0
DA:58,0
DA:59,0
DA:60,0
DA:61,0
DA:62,0
DA:63,0
DA:66,0
DA:72,0
DA:73,0
DA:77,0
DA:78,0
DA:79,0
DA:84,0
DA:85,0
DA:87,0
DA:91,0
DA:92,0
DA:93,0
DA:98,0
DA:99,0
DA:100,0
DA:101,0
DA:105,0
DA:106,0
DA:107,0
DA:108,0
DA:112,0
DA:114,0
DA:115,0
DA:116,0
DA:118,0
DA:120,0
DA:121,0
DA:125,0
DA:126,0
DA:127,0
DA:128,0
DA:129,0
DA:132,0
DA:134,0
DA:136,0
DA:137,0
DA:138,0
DA:143,0
DA:144,0
DA:145,0
DA:146,0
DA:147,0
DA:148,0
DA:149,0
DA:150,0
DA:151,0
DA:152,0
DA:153,0
DA:154,0
DA:155,0
DA:159,0
DA:163,0
DA:164,0
DA:165,0
DA:166,0
DA:167,0
DA:169,0
DA:170,0
DA:172,0
DA:174,0
DA:177,0
DA:181,0
DA:182,0
DA:183,0
DA:184,0
DA:186,0
DA:187,0
DA:189,0
DA:190,0
DA:192,0
DA:193,0
DA:194,0
DA:196,0
DA:200,0
DA:201,0
DA:202,0
DA:203,0
DA:205,0
DA:208,0
DA:209,0
DA:210,0
DA:211,0
DA:212,0
DA:213,0
DA:214,0
DA:215,0
DA:216,0
DA:220,0
DA:221,0
DA:222,0
DA:223,0
DA:224,0
DA:225,0
DA:226,0
DA:227,0
DA:228,0
DA:229,0
DA:230,0
DA:231,0
DA:232,0
DA:233,0
DA:234,0
DA:235,0
DA:236,0
DA:237,0
DA:238,0
DA:239,0
DA:240,0
DA:241,0
DA:245,0
DA:246,0
DA:247,0
DA:248,0
DA:249,0
DA:250,0
DA:251,0
DA:252,0
DA:253,0
DA:254,0
DA:255,0
DA:256,0
DA:257,0
DA:258,0
DA:259,0
DA:260,0
DA:261,0
DA:262,0
DA:263,0
DA:264,0
DA:265,0
DA:266,0
DA:267,0
DA:268,0
DA:269,0
DA:270,0
DA:271,0
DA:272,0
DA:273,0
DA:274,0
DA:275,0
DA:276,0
DA:277,0
DA:278,0
DA:311,0
DA:312,0
DA:313,0
DA:314,0
DA:315,0
DA:316,0
DA:318,0
DA:319,0
DA:320,0
DA:321,0
DA:322,0
DA:323,0
DA:325,0
DA:326,0
DA:327,0
DA:328,0
DA:329,0
DA:330,0
DA:332,0
DA:333,0
DA:334,0
DA:335,0
DA:336,0
DA:337,0
DA:339,0
DA:340,0
DA:341,0
DA:342,0
DA:343,0
DA:344,0
DA:346,0
DA:347,0
DA:348,0
DA:349,0
DA:350,0
DA:351,0
DA:353,0
DA:354,0
DA:355,0
DA:356,0
DA:357,0
DA:358,0
DA:360,0
DA:361,0
DA:362,0
DA:363,0
DA:364,0
DA:365,0
DA:367,0
DA:368,0
DA:369,0
DA:370,0
DA:371,0
DA:372,0
DA:374,0
DA:375,0
DA:376,0
DA:377,0
DA:378,0
DA:379,0
DA:381,0
DA:382,0
DA:383,0
DA:385,0
DA:389,0
DA:390,0
DA:392,0
DA:393,0
DA:396,0
LF:242
LH:2
BRDA:13,0,0,0
BRDA:13,1,0,0
BRDA:13,2,0,0
BRDA:13,3,0,0
BRDA:36,4,0,0
BRDA:36,5,0,0
BRDA:36,5,1,0
BRDA:36,5,2,0
BRDA:50,6,0,0
BRDA:50,7,0,0
BRDA:50,7,1,0
BRDA:55,8,0,0
BRDA:59,9,0,0
BRDA:59,9,1,0
BRDA:61,10,0,0
BRDA:63,11,0,0
BRDA:72,12,0,0
BRDA:77,13,0,0
BRDA:79,14,0,0
BRDA:79,14,1,0
BRDA:84,15,0,0
BRDA:84,15,1,0
BRDA:84,16,0,0
BRDA:84,16,1,0
BRDA:91,17,0,0
BRDA:91,18,0,0
BRDA:91,18,1,0
BRDA:91,18,2,0
BRDA:99,19,0,0
BRDA:106,20,0,0
BRDA:106,21,0,0
BRDA:106,21,1,0
BRDA:107,22,0,0
BRDA:112,23,0,0
BRDA:112,24,0,0
BRDA:112,24,1,0
BRDA:115,25,0,0
BRDA:125,26,0,0
BRDA:147,27,0,0
BRDA:147,27,1,0
BRDA:150,28,0,0
BRDA:150,28,1,0
BRDA:153,29,0,0
BRDA:180,30,0,0
BRDA:184,31,0,0
BRDA:184,31,1,0
BRDA:187,32,0,0
BRDA:187,32,1,0
BRDA:190,33,0,0
BRDA:190,33,1,0
BRDA:392,34,0,0
BRDA:392,34,1,0
BRF:52
BRH:0
end_of_record
TN:
SF:src/index.ts
FN:6,(anonymous_6)
FN:7,(anonymous_7)
FNF:2
FNH:1
FNDA:1,(anonymous_6)
FNDA:0,(anonymous_7)
DA:1,1
DA:2,1
DA:3,1
DA:5,1
DA:6,2
DA:7,1
LF:6
LH:6
BRF:0
BRH:0
end_of_record
TN:
SF:src/types.ts
FN:83,(anonymous_0)
FN:101,(anonymous_1)
FN:108,(anonymous_2)
FN:359,(anonymous_3)
FN:377,(anonymous_4)
FN:382,(anonymous_5)
FN:389,(anonymous_6)
FN:394,(anonymous_7)
FN:400,(anonymous_8)
FN:407,(anonymous_9)
FN:413,(anonymous_10)
FNF:11
FNH:11
FNDA:1,(anonymous_0)
FNDA:1,(anonymous_1)
FNDA:1,(anonymous_2)
FNDA:1,(anonymous_3)
FNDA:1,(anonymous_4)
FNDA:1,(anonymous_5)
FNDA:1,(anonymous_6)
FNDA:1,(anonymous_7)
FNDA:1,(anonymous_8)
FNDA:1,(anonymous_9)
FNDA:1,(anonymous_10)
DA:83,1
DA:84,1
DA:85,1
DA:86,1
DA:87,1
DA:88,1
DA:89,1
DA:90,1
DA:91,1
DA:92,1
DA:93,1
DA:94,1
DA:95,1
DA:96,1
DA:97,1
DA:98,1
DA:101,1
DA:102,1
DA:103,1
DA:104,1
DA:105,1
DA:106,1
DA:108,1
DA:109,1
DA:110,1
DA:359,1
DA:360,1
DA:361,1
DA:362,1
DA:363,1
DA:364,1
DA:365,1
DA:366,1
DA:367,1
DA:368,1
DA:369,1
DA:370,1
DA:371,1
DA:372,1
DA:373,1
DA:374,1
DA:375,1
DA:377,1
DA:378,1
DA:379,1
DA:380,1
DA:382,1
DA:383,1
DA:384,1
DA:385,1
DA:386,1
DA:389,1
DA:390,1
DA:391,1
DA:394,1
DA:395,1
DA:396,1
DA:397,1
DA:400,1
DA:401,1
DA:402,1
DA:403,1
DA:404,1
DA:407,1
DA:408,1
DA:409,1
DA:410,1
DA:413,1
DA:414,1
DA:415,1
DA:761,1
DA:762,1
DA:763,1
DA:764,1
DA:765,1
DA:766,1
DA:767,1
DA:768,1
DA:769,1
DA:770,1
DA:771,1
DA:772,1
DA:773,1
DA:774,1
DA:775,1
DA:776,1
DA:777,1
DA:778,1
DA:779,1
DA:780,1
DA:781,1
DA:782,1
DA:783,1
DA:784,1
DA:785,1
DA:786,1
DA:787,1
DA:788,1
DA:789,1
DA:790,1
DA:791,1
DA:792,1
DA:793,1
DA:794,1
DA:795,1
LF:105
LH:105
BRDA:83,0,0,1
BRDA:83,0,1,1
BRDA:101,1,0,1
BRDA:101,1,1,1
BRDA:108,2,0,1
BRDA:108,2,1,1
BRDA:359,3,0,1
BRDA:359,3,1,1
BRDA:377,4,0,1
BRDA:377,4,1,1
BRDA:382,5,0,1
BRDA:382,5,1,1
BRDA:389,6,0,1
BRDA:389,6,1,1
BRDA:394,7,0,1
BRDA:394,7,1,1
BRDA:400,8,0,1
BRDA:400,8,1,1
BRDA:407,9,0,1
BRDA:407,9,1,1
BRDA:413,10,0,1
BRDA:413,10,1,1
BRF:22
BRH:22
end_of_record
